<?xml version="1.0" encoding="UTF-8"?>
<robot generator="Robot 3.1.2 (Python 3.8.2 on win32)" generated="20200421 15:31:33.803" rpa="false">
<suite id="s1" name="Tests" source="C:\Users\SpEEk0Desktop\PycharmProjects\JenkinsSourceRedact\Tests">
<suite id="s1-s1" name="RebelRentals" source="C:\Users\SpEEk0Desktop\PycharmProjects\JenkinsSourceRedact\Tests\RebelRentals.robot">
<test id="s1-s1-t1" name="User can access RebelRental page">
<kw name="Begin Agile Project Page Test" type="setup">
<kw name="Open Browser" library="SeleniumLibrary">
<doc>Opens a new browser instance to the optional ``url``.</doc>
<arguments>
<arg>about:blank</arg>
<arg>${BROWSER}</arg>
</arguments>
<msg timestamp="20200421 15:31:33.953" level="INFO">Opening browser 'firefox' to base url 'about:blank'.</msg>
<msg timestamp="20200421 15:31:33.954" level="INFO">Firefox driver log is always forced to to: C:\Users\SpEEk0Desktop\PycharmProjects\JenkinsSourceRedact\Results\geckodriver-8.log</msg>
<status status="PASS" starttime="20200421 15:31:33.953" endtime="20200421 15:31:39.060"></status>
</kw>
<status status="PASS" starttime="20200421 15:31:33.952" endtime="20200421 15:31:39.061"></status>
</kw>
<kw name="Go to Web Page">
<kw name="Go To" library="SeleniumLibrary">
<doc>Navigates the current browser window to the provided ``url``.</doc>
<arguments>
<arg>${URL}</arg>
</arguments>
<msg timestamp="20200421 15:31:39.061" level="INFO">Opening url 'https://localhost:44353'</msg>
<status status="PASS" starttime="20200421 15:31:39.061" endtime="20200421 15:31:39.214"></status>
</kw>
<kw name="Wait Until Page Contains" library="SeleniumLibrary">
<doc>Waits until ``text`` appears on the current page.</doc>
<arguments>
<arg>${SEARCH_TERM}</arg>
</arguments>
<status status="PASS" starttime="20200421 15:31:39.214" endtime="20200421 15:31:39.223"></status>
</kw>
<status status="PASS" starttime="20200421 15:31:39.061" endtime="20200421 15:31:39.223"></status>
</kw>
<kw name="End Agile Project Test" type="teardown">
<kw name="Close Browser" library="SeleniumLibrary">
<doc>Closes the current browser.</doc>
<status status="PASS" starttime="20200421 15:31:39.223" endtime="20200421 15:31:39.871"></status>
</kw>
<status status="PASS" starttime="20200421 15:31:39.223" endtime="20200421 15:31:39.871"></status>
</kw>
<doc>Test: The user should be able to access the RebelRentals page.</doc>
<tags>
<tag>Access</tag>
</tags>
<status status="PASS" starttime="20200421 15:31:33.952" endtime="20200421 15:31:39.871" critical="yes"></status>
</test>
<test id="s1-s1-t2" name="User can switch pages in header menu">
<kw name="Begin Agile Project Page Test" type="setup">
<kw name="Open Browser" library="SeleniumLibrary">
<doc>Opens a new browser instance to the optional ``url``.</doc>
<arguments>
<arg>about:blank</arg>
<arg>${BROWSER}</arg>
</arguments>
<msg timestamp="20200421 15:31:39.872" level="INFO">Opening browser 'firefox' to base url 'about:blank'.</msg>
<msg timestamp="20200421 15:31:39.873" level="INFO">Firefox driver log is always forced to to: C:\Users\SpEEk0Desktop\PycharmProjects\JenkinsSourceRedact\Results\geckodriver-9.log</msg>
<status status="PASS" starttime="20200421 15:31:39.872" endtime="20200421 15:31:44.983"></status>
</kw>
<status status="PASS" starttime="20200421 15:31:39.872" endtime="20200421 15:31:44.983"></status>
</kw>
<kw name="Go to Web Page">
<kw name="Go To" library="SeleniumLibrary">
<doc>Navigates the current browser window to the provided ``url``.</doc>
<arguments>
<arg>${URL}</arg>
</arguments>
<msg timestamp="20200421 15:31:44.983" level="INFO">Opening url 'https://localhost:44353'</msg>
<status status="PASS" starttime="20200421 15:31:44.983" endtime="20200421 15:31:45.086"></status>
</kw>
<kw name="Wait Until Page Contains" library="SeleniumLibrary">
<doc>Waits until ``text`` appears on the current page.</doc>
<arguments>
<arg>${SEARCH_TERM}</arg>
</arguments>
<status status="PASS" starttime="20200421 15:31:45.086" endtime="20200421 15:31:45.093"></status>
</kw>
<status status="PASS" starttime="20200421 15:31:44.983" endtime="20200421 15:31:45.093"></status>
</kw>
<kw name="Switch to privacy page">
<kw name="Go to Web Page">
<kw name="Go To" library="SeleniumLibrary">
<doc>Navigates the current browser window to the provided ``url``.</doc>
<arguments>
<arg>${URL}</arg>
</arguments>
<msg timestamp="20200421 15:31:45.094" level="INFO">Opening url 'https://localhost:44353'</msg>
<status status="PASS" starttime="20200421 15:31:45.094" endtime="20200421 15:31:45.154"></status>
</kw>
<kw name="Wait Until Page Contains" library="SeleniumLibrary">
<doc>Waits until ``text`` appears on the current page.</doc>
<arguments>
<arg>${SEARCH_TERM}</arg>
</arguments>
<status status="PASS" starttime="20200421 15:31:45.154" endtime="20200421 15:31:45.158"></status>
</kw>
<status status="PASS" starttime="20200421 15:31:45.094" endtime="20200421 15:31:45.158"></status>
</kw>
<kw name="Click Element" library="SeleniumLibrary">
<doc>Click the element identified by ``locator``.</doc>
<arguments>
<arg>xpath://html/body/header/nav/div/div/ul[2]/li[3]/a</arg>
</arguments>
<msg timestamp="20200421 15:31:45.158" level="INFO">Clicking element 'xpath://html/body/header/nav/div/div/ul[2]/li[3]/a'.</msg>
<status status="PASS" starttime="20200421 15:31:45.158" endtime="20200421 15:31:45.221"></status>
</kw>
<kw name="Wait Until Page Contains" library="SeleniumLibrary">
<doc>Waits until ``text`` appears on the current page.</doc>
<arguments>
<arg>Privacy Policy</arg>
</arguments>
<status status="PASS" starttime="20200421 15:31:45.221" endtime="20200421 15:31:45.227"></status>
</kw>
<status status="PASS" starttime="20200421 15:31:45.093" endtime="20200421 15:31:45.227"></status>
</kw>
<kw name="Switch to home page">
<kw name="Click Element" library="SeleniumLibrary">
<doc>Click the element identified by ``locator``.</doc>
<arguments>
<arg>xpath://html/body/header/nav/div/div/ul[2]/li[1]/a</arg>
</arguments>
<msg timestamp="20200421 15:31:45.228" level="INFO">Clicking element 'xpath://html/body/header/nav/div/div/ul[2]/li[1]/a'.</msg>
<status status="PASS" starttime="20200421 15:31:45.227" endtime="20200421 15:31:45.289"></status>
</kw>
<kw name="Wait Until Page Contains" library="SeleniumLibrary">
<doc>Waits until ``text`` appears on the current page.</doc>
<arguments>
<arg>Welcome</arg>
</arguments>
<status status="PASS" starttime="20200421 15:31:45.289" endtime="20200421 15:31:45.298"></status>
</kw>
<status status="PASS" starttime="20200421 15:31:45.227" endtime="20200421 15:31:45.298"></status>
</kw>
<kw name="End Agile Project Test" type="teardown">
<kw name="Close Browser" library="SeleniumLibrary">
<doc>Closes the current browser.</doc>
<status status="PASS" starttime="20200421 15:31:45.299" endtime="20200421 15:31:45.942"></status>
</kw>
<status status="PASS" starttime="20200421 15:31:45.299" endtime="20200421 15:31:45.942"></status>
</kw>
<doc>Test: The user should be able to switch pages from the header menu.</doc>
<tags>
<tag>Header</tag>
<tag>Pages</tag>
</tags>
<status status="PASS" starttime="20200421 15:31:39.872" endtime="20200421 15:31:45.942" critical="yes"></status>
</test>
<test id="s1-s1-t3" name="User can create an account">
<kw name="Begin Agile Project Page Test" type="setup">
<kw name="Open Browser" library="SeleniumLibrary">
<doc>Opens a new browser instance to the optional ``url``.</doc>
<arguments>
<arg>about:blank</arg>
<arg>${BROWSER}</arg>
</arguments>
<msg timestamp="20200421 15:31:45.943" level="INFO">Opening browser 'firefox' to base url 'about:blank'.</msg>
<msg timestamp="20200421 15:31:45.944" level="INFO">Firefox driver log is always forced to to: C:\Users\SpEEk0Desktop\PycharmProjects\JenkinsSourceRedact\Results\geckodriver-10.log</msg>
<status status="PASS" starttime="20200421 15:31:45.943" endtime="20200421 15:31:51.029"></status>
</kw>
<status status="PASS" starttime="20200421 15:31:45.943" endtime="20200421 15:31:51.029"></status>
</kw>
<kw name="Go to Web Page">
<kw name="Go To" library="SeleniumLibrary">
<doc>Navigates the current browser window to the provided ``url``.</doc>
<arguments>
<arg>${URL}</arg>
</arguments>
<msg timestamp="20200421 15:31:51.030" level="INFO">Opening url 'https://localhost:44353'</msg>
<status status="PASS" starttime="20200421 15:31:51.030" endtime="20200421 15:31:51.148"></status>
</kw>
<kw name="Wait Until Page Contains" library="SeleniumLibrary">
<doc>Waits until ``text`` appears on the current page.</doc>
<arguments>
<arg>${SEARCH_TERM}</arg>
</arguments>
<status status="PASS" starttime="20200421 15:31:51.148" endtime="20200421 15:31:51.157"></status>
</kw>
<status status="PASS" starttime="20200421 15:31:51.029" endtime="20200421 15:31:51.158"></status>
</kw>
<kw name="Generate Email">
<kw name="Generate Random String" library="String">
<doc>Generates a string with a desired ``length`` from the given ``chars``.</doc>
<arguments>
<arg>6</arg>
<arg>[NUMBERS]abcdef</arg>
</arguments>
<assign>
<var>${RANDOMSTRING}</var>
</assign>
<msg timestamp="20200421 15:31:51.158" level="INFO">${RANDOMSTRING} = f6c412</msg>
<status status="PASS" starttime="20200421 15:31:51.158" endtime="20200421 15:31:51.158"></status>
</kw>
<kw name="Set Global Variable" library="BuiltIn">
<doc>Makes a variable available globally in all tests and suites.</doc>
<arguments>
<arg>${RANDOMSTRING}</arg>
</arguments>
<msg timestamp="20200421 15:31:51.159" level="INFO">${RANDOMSTRING} = f6c412</msg>
<status status="PASS" starttime="20200421 15:31:51.158" endtime="20200421 15:31:51.159"></status>
</kw>
<status status="PASS" starttime="20200421 15:31:51.158" endtime="20200421 15:31:51.159"></status>
</kw>
<kw name="Register an account">
<kw name="Click Element" library="SeleniumLibrary">
<doc>Click the element identified by ``locator``.</doc>
<arguments>
<arg>xpath://html/body/header/nav/div/div/ul[1]/li[2]/a</arg>
</arguments>
<msg timestamp="20200421 15:31:51.159" level="INFO">Clicking element 'xpath://html/body/header/nav/div/div/ul[1]/li[2]/a'.</msg>
<status status="PASS" starttime="20200421 15:31:51.159" endtime="20200421 15:31:51.230"></status>
</kw>
<kw name="Wait Until Page Contains" library="SeleniumLibrary">
<doc>Waits until ``text`` appears on the current page.</doc>
<arguments>
<arg>Create a new account</arg>
</arguments>
<status status="PASS" starttime="20200421 15:31:51.230" endtime="20200421 15:31:51.243"></status>
</kw>
<kw name="Wait Until Element Is Visible" library="SeleniumLibrary">
<doc>Waits until the element ``locator`` is visible.</doc>
<arguments>
<arg>xpath://*[@id="Input_Email"]</arg>
</arguments>
<status status="PASS" starttime="20200421 15:31:51.243" endtime="20200421 15:31:51.262"></status>
</kw>
<kw name="Input Text" library="SeleniumLibrary">
<doc>Types the given ``text`` into the text field identified by ``locator``.</doc>
<arguments>
<arg>xpath://*[@id="Input_Email"]</arg>
<arg>${RANDOMSTRING}@email.com</arg>
</arguments>
<msg timestamp="20200421 15:31:51.263" level="INFO">Typing text 'f6c412@email.com' into text field 'xpath://*[@id="Input_Email"]'.</msg>
<status status="PASS" starttime="20200421 15:31:51.263" endtime="20200421 15:31:51.294"></status>
</kw>
<kw name="Input Text" library="SeleniumLibrary">
<doc>Types the given ``text`` into the text field identified by ``locator``.</doc>
<arguments>
<arg>xpath://*[@id="Input_Password"]</arg>
<arg>${PASSWORD}</arg>
</arguments>
<msg timestamp="20200421 15:31:51.294" level="INFO">Typing text 'Testyness@10' into text field 'xpath://*[@id="Input_Password"]'.</msg>
<status status="PASS" starttime="20200421 15:31:51.294" endtime="20200421 15:31:51.323"></status>
</kw>
<kw name="Input Text" library="SeleniumLibrary">
<doc>Types the given ``text`` into the text field identified by ``locator``.</doc>
<arguments>
<arg>xpath://*[@id="Input_ConfirmPassword"]</arg>
<arg>${PASSWORD}</arg>
</arguments>
<msg timestamp="20200421 15:31:51.324" level="INFO">Typing text 'Testyness@10' into text field 'xpath://*[@id="Input_ConfirmPassword"]'.</msg>
<status status="PASS" starttime="20200421 15:31:51.323" endtime="20200421 15:31:51.346"></status>
</kw>
<kw name="Click Element" library="SeleniumLibrary">
<doc>Click the element identified by ``locator``.</doc>
<arguments>
<arg>xpath://html/body/div/main/div/div[1]/form/button</arg>
</arguments>
<msg timestamp="20200421 15:31:51.346" level="INFO">Clicking element 'xpath://html/body/div/main/div/div[1]/form/button'.</msg>
<status status="PASS" starttime="20200421 15:31:51.346" endtime="20200421 15:31:51.664"></status>
</kw>
<kw name="Wait Until Page Contains" library="SeleniumLibrary">
<doc>Waits until ``text`` appears on the current page.</doc>
<arguments>
<arg>Register confirmation</arg>
</arguments>
<status status="PASS" starttime="20200421 15:31:51.664" endtime="20200421 15:31:51.668"></status>
</kw>
<kw name="Click Element" library="SeleniumLibrary">
<doc>Click the element identified by ``locator``.</doc>
<arguments>
<arg>xpath://*[@id="confirm-link"]</arg>
</arguments>
<msg timestamp="20200421 15:31:51.669" level="INFO">Clicking element 'xpath://*[@id="confirm-link"]'.</msg>
<status status="PASS" starttime="20200421 15:31:51.668" endtime="20200421 15:31:51.736"></status>
</kw>
<kw name="Wait Until Page Contains" library="SeleniumLibrary">
<doc>Waits until ``text`` appears on the current page.</doc>
<arguments>
<arg>Thank you for confirming your email</arg>
</arguments>
<status status="PASS" starttime="20200421 15:31:51.736" endtime="20200421 15:31:51.740"></status>
</kw>
<status status="PASS" starttime="20200421 15:31:51.159" endtime="20200421 15:31:51.741"></status>
</kw>
<kw name="End Agile Project Test" type="teardown">
<kw name="Close Browser" library="SeleniumLibrary">
<doc>Closes the current browser.</doc>
<status status="PASS" starttime="20200421 15:31:51.741" endtime="20200421 15:31:52.458"></status>
</kw>
<status status="PASS" starttime="20200421 15:31:51.741" endtime="20200421 15:31:52.458"></status>
</kw>
<doc>Test: The user should be able to create an account.</doc>
<tags>
<tag>Account</tag>
</tags>
<status status="PASS" starttime="20200421 15:31:45.942" endtime="20200421 15:31:52.458" critical="yes"></status>
</test>
<test id="s1-s1-t4" name="User can not create an account using profanity">
<kw name="Begin Agile Project Page Test" type="setup">
<kw name="Open Browser" library="SeleniumLibrary">
<doc>Opens a new browser instance to the optional ``url``.</doc>
<arguments>
<arg>about:blank</arg>
<arg>${BROWSER}</arg>
</arguments>
<msg timestamp="20200421 15:31:52.459" level="INFO">Opening browser 'firefox' to base url 'about:blank'.</msg>
<msg timestamp="20200421 15:31:52.460" level="INFO">Firefox driver log is always forced to to: C:\Users\SpEEk0Desktop\PycharmProjects\JenkinsSourceRedact\Results\geckodriver-11.log</msg>
<status status="PASS" starttime="20200421 15:31:52.459" endtime="20200421 15:31:57.566"></status>
</kw>
<status status="PASS" starttime="20200421 15:31:52.459" endtime="20200421 15:31:57.567"></status>
</kw>
<kw name="Go to Web Page">
<kw name="Go To" library="SeleniumLibrary">
<doc>Navigates the current browser window to the provided ``url``.</doc>
<arguments>
<arg>${URL}</arg>
</arguments>
<msg timestamp="20200421 15:31:57.567" level="INFO">Opening url 'https://localhost:44353'</msg>
<status status="PASS" starttime="20200421 15:31:57.567" endtime="20200421 15:31:57.660"></status>
</kw>
<kw name="Wait Until Page Contains" library="SeleniumLibrary">
<doc>Waits until ``text`` appears on the current page.</doc>
<arguments>
<arg>${SEARCH_TERM}</arg>
</arguments>
<status status="PASS" starttime="20200421 15:31:57.660" endtime="20200421 15:31:57.672"></status>
</kw>
<status status="PASS" starttime="20200421 15:31:57.567" endtime="20200421 15:31:57.672"></status>
</kw>
<kw name="Register an account fail">
<kw name="Click Element" library="SeleniumLibrary">
<doc>Click the element identified by ``locator``.</doc>
<arguments>
<arg>xpath://html/body/header/nav/div/div/ul[1]/li[2]/a</arg>
</arguments>
<msg timestamp="20200421 15:31:57.673" level="INFO">Clicking element 'xpath://html/body/header/nav/div/div/ul[1]/li[2]/a'.</msg>
<status status="PASS" starttime="20200421 15:31:57.673" endtime="20200421 15:31:57.739"></status>
</kw>
<kw name="Wait Until Page Contains" library="SeleniumLibrary">
<doc>Waits until ``text`` appears on the current page.</doc>
<arguments>
<arg>Create a new account</arg>
</arguments>
<status status="PASS" starttime="20200421 15:31:57.739" endtime="20200421 15:31:57.747"></status>
</kw>
<kw name="Wait Until Element Is Visible" library="SeleniumLibrary">
<doc>Waits until the element ``locator`` is visible.</doc>
<arguments>
<arg>xpath://*[@id="Input_Email"]</arg>
</arguments>
<status status="PASS" starttime="20200421 15:31:57.747" endtime="20200421 15:31:57.766"></status>
</kw>
<kw name="Input Text" library="SeleniumLibrary">
<doc>Types the given ``text`` into the text field identified by ``locator``.</doc>
<arguments>
<arg>xpath://*[@id="Input_Email"]</arg>
<arg>${RANDOMSTRING}fuck@email.com</arg>
</arguments>
<msg timestamp="20200421 15:31:57.766" level="INFO">Typing text 'f6c412fuck@email.com' into text field 'xpath://*[@id="Input_Email"]'.</msg>
<status status="PASS" starttime="20200421 15:31:57.766" endtime="20200421 15:31:57.794"></status>
</kw>
<kw name="Input Text" library="SeleniumLibrary">
<doc>Types the given ``text`` into the text field identified by ``locator``.</doc>
<arguments>
<arg>xpath://*[@id="Input_Password"]</arg>
<arg>${PASSWORD}</arg>
</arguments>
<msg timestamp="20200421 15:31:57.795" level="INFO">Typing text 'Testyness@10' into text field 'xpath://*[@id="Input_Password"]'.</msg>
<status status="PASS" starttime="20200421 15:31:57.795" endtime="20200421 15:31:57.820"></status>
</kw>
<kw name="Input Text" library="SeleniumLibrary">
<doc>Types the given ``text`` into the text field identified by ``locator``.</doc>
<arguments>
<arg>xpath://*[@id="Input_ConfirmPassword"]</arg>
<arg>${PASSWORD}</arg>
</arguments>
<msg timestamp="20200421 15:31:57.820" level="INFO">Typing text 'Testyness@10' into text field 'xpath://*[@id="Input_ConfirmPassword"]'.</msg>
<status status="PASS" starttime="20200421 15:31:57.820" endtime="20200421 15:31:57.839"></status>
</kw>
<kw name="Click Element" library="SeleniumLibrary">
<doc>Click the element identified by ``locator``.</doc>
<arguments>
<arg>xpath://html/body/div/main/div/div[1]/form/button</arg>
</arguments>
<msg timestamp="20200421 15:31:57.840" level="INFO">Clicking element 'xpath://html/body/div/main/div/div[1]/form/button'.</msg>
<status status="PASS" starttime="20200421 15:31:57.840" endtime="20200421 15:31:58.172"></status>
</kw>
<kw name="Wait Until Page Contains" library="SeleniumLibrary">
<doc>Waits until ``text`` appears on the current page.</doc>
<arguments>
<arg>Profanity not allowed</arg>
</arguments>
<status status="PASS" starttime="20200421 15:31:58.172" endtime="20200421 15:31:58.181"></status>
</kw>
<kw name="Page Should Not Contain" library="SeleniumLibrary">
<doc>Verifies the current page does not contain ``text``.</doc>
<arguments>
<arg>Register confirmation</arg>
</arguments>
<msg timestamp="20200421 15:31:58.189" level="INFO">Current page does not contain text 'Register confirmation'.</msg>
<status status="PASS" starttime="20200421 15:31:58.181" endtime="20200421 15:31:58.190"></status>
</kw>
<status status="PASS" starttime="20200421 15:31:57.672" endtime="20200421 15:31:58.190"></status>
</kw>
<kw name="End Agile Project Test" type="teardown">
<kw name="Close Browser" library="SeleniumLibrary">
<doc>Closes the current browser.</doc>
<status status="PASS" starttime="20200421 15:31:58.190" endtime="20200421 15:31:58.888"></status>
</kw>
<status status="PASS" starttime="20200421 15:31:58.190" endtime="20200421 15:31:58.888"></status>
</kw>
<doc>Test: The user should not be able to create an account using profanity in username/email.</doc>
<tags>
<tag>Account</tag>
<tag>Profanity_Filter</tag>
</tags>
<status status="PASS" starttime="20200421 15:31:52.458" endtime="20200421 15:31:58.888" critical="yes"></status>
</test>
<test id="s1-s1-t5" name="User can login with registered credentials and logout">
<kw name="Begin Agile Project Page Test" type="setup">
<kw name="Open Browser" library="SeleniumLibrary">
<doc>Opens a new browser instance to the optional ``url``.</doc>
<arguments>
<arg>about:blank</arg>
<arg>${BROWSER}</arg>
</arguments>
<msg timestamp="20200421 15:31:58.889" level="INFO">Opening browser 'firefox' to base url 'about:blank'.</msg>
<msg timestamp="20200421 15:31:58.890" level="INFO">Firefox driver log is always forced to to: C:\Users\SpEEk0Desktop\PycharmProjects\JenkinsSourceRedact\Results\geckodriver-12.log</msg>
<status status="PASS" starttime="20200421 15:31:58.889" endtime="20200421 15:32:03.994"></status>
</kw>
<status status="PASS" starttime="20200421 15:31:58.889" endtime="20200421 15:32:03.994"></status>
</kw>
<kw name="Go to Web Page">
<kw name="Go To" library="SeleniumLibrary">
<doc>Navigates the current browser window to the provided ``url``.</doc>
<arguments>
<arg>${URL}</arg>
</arguments>
<msg timestamp="20200421 15:32:03.995" level="INFO">Opening url 'https://localhost:44353'</msg>
<status status="PASS" starttime="20200421 15:32:03.995" endtime="20200421 15:32:04.107"></status>
</kw>
<kw name="Wait Until Page Contains" library="SeleniumLibrary">
<doc>Waits until ``text`` appears on the current page.</doc>
<arguments>
<arg>${SEARCH_TERM}</arg>
</arguments>
<status status="PASS" starttime="20200421 15:32:04.107" endtime="20200421 15:32:04.118"></status>
</kw>
<status status="PASS" starttime="20200421 15:32:03.995" endtime="20200421 15:32:04.118"></status>
</kw>
<kw name="Login to and logout from the site">
<kw name="Wait Until Page Contains" library="SeleniumLibrary">
<doc>Waits until ``text`` appears on the current page.</doc>
<arguments>
<arg>Login</arg>
</arguments>
<status status="PASS" starttime="20200421 15:32:04.118" endtime="20200421 15:32:04.124"></status>
</kw>
<kw name="Click Element" library="SeleniumLibrary">
<doc>Click the element identified by ``locator``.</doc>
<arguments>
<arg>xpath://html/body/header/nav/div/div/ul[1]/li[3]/a</arg>
</arguments>
<msg timestamp="20200421 15:32:04.124" level="INFO">Clicking element 'xpath://html/body/header/nav/div/div/ul[1]/li[3]/a'.</msg>
<status status="PASS" starttime="20200421 15:32:04.124" endtime="20200421 15:32:04.192"></status>
</kw>
<kw name="Input Text" library="SeleniumLibrary">
<doc>Types the given ``text`` into the text field identified by ``locator``.</doc>
<arguments>
<arg>xpath://*[@id="Input_Email"]</arg>
<arg>${USERNAME}</arg>
</arguments>
<msg timestamp="20200421 15:32:04.192" level="INFO">Typing text 'test1@mctest1.se' into text field 'xpath://*[@id="Input_Email"]'.</msg>
<status status="PASS" starttime="20200421 15:32:04.192" endtime="20200421 15:32:04.228"></status>
</kw>
<kw name="Input Text" library="SeleniumLibrary">
<doc>Types the given ``text`` into the text field identified by ``locator``.</doc>
<arguments>
<arg>xpath://*[@id="Input_Password"]</arg>
<arg>${PASSWORD}</arg>
</arguments>
<msg timestamp="20200421 15:32:04.228" level="INFO">Typing text 'Testyness@10' into text field 'xpath://*[@id="Input_Password"]'.</msg>
<status status="PASS" starttime="20200421 15:32:04.228" endtime="20200421 15:32:04.263"></status>
</kw>
<kw name="Click Element" library="SeleniumLibrary">
<doc>Click the element identified by ``locator``.</doc>
<arguments>
<arg>xpath://html/body/div/main/div/div[1]/section/form/div[5]/button</arg>
</arguments>
<msg timestamp="20200421 15:32:04.264" level="INFO">Clicking element 'xpath://html/body/div/main/div/div[1]/section/form/div[5]/button'.</msg>
<status status="PASS" starttime="20200421 15:32:04.263" endtime="20200421 15:32:04.344"></status>
</kw>
<kw name="Wait Until Page Contains" library="SeleniumLibrary">
<doc>Waits until ``text`` appears on the current page.</doc>
<arguments>
<arg>${USERNAME}</arg>
</arguments>
<status status="PASS" starttime="20200421 15:32:04.344" endtime="20200421 15:32:04.351"></status>
</kw>
<kw name="Click Element" library="SeleniumLibrary">
<doc>Click the element identified by ``locator``.</doc>
<arguments>
<arg>xpath://html/body/header/nav/div/div/ul[1]/li[3]/form/button</arg>
</arguments>
<msg timestamp="20200421 15:32:04.351" level="INFO">Clicking element 'xpath://html/body/header/nav/div/div/ul[1]/li[3]/form/button'.</msg>
<status status="PASS" starttime="20200421 15:32:04.351" endtime="20200421 15:32:04.419"></status>
</kw>
<kw name="Wait Until Page Does Not Contain" library="SeleniumLibrary">
<doc>Waits until ``text`` disappears from the current page.</doc>
<arguments>
<arg>${USERNAME}</arg>
</arguments>
<status status="PASS" starttime="20200421 15:32:04.419" endtime="20200421 15:32:04.424"></status>
</kw>
<status status="PASS" starttime="20200421 15:32:04.118" endtime="20200421 15:32:04.424"></status>
</kw>
<kw name="End Agile Project Test" type="teardown">
<kw name="Close Browser" library="SeleniumLibrary">
<doc>Closes the current browser.</doc>
<status status="PASS" starttime="20200421 15:32:04.425" endtime="20200421 15:32:05.111"></status>
</kw>
<status status="PASS" starttime="20200421 15:32:04.424" endtime="20200421 15:32:05.111"></status>
</kw>
<doc>Test: The user should be able to reach a login page with a button/link. The user should then be able to login with the credentials stored at the registration and log out.</doc>
<tags>
<tag>Account</tag>
<tag>Login</tag>
<tag>Logout</tag>
</tags>
<status status="PASS" starttime="20200421 15:31:58.888" endtime="20200421 15:32:05.111" critical="yes"></status>
</test>
<test id="s1-s1-t6" name="User can reach register page from the login page">
<kw name="Begin Agile Project Page Test" type="setup">
<kw name="Open Browser" library="SeleniumLibrary">
<doc>Opens a new browser instance to the optional ``url``.</doc>
<arguments>
<arg>about:blank</arg>
<arg>${BROWSER}</arg>
</arguments>
<msg timestamp="20200421 15:32:05.113" level="INFO">Opening browser 'firefox' to base url 'about:blank'.</msg>
<msg timestamp="20200421 15:32:05.113" level="INFO">Firefox driver log is always forced to to: C:\Users\SpEEk0Desktop\PycharmProjects\JenkinsSourceRedact\Results\geckodriver-13.log</msg>
<status status="PASS" starttime="20200421 15:32:05.112" endtime="20200421 15:32:10.229"></status>
</kw>
<status status="PASS" starttime="20200421 15:32:05.112" endtime="20200421 15:32:10.229"></status>
</kw>
<kw name="Go to Web Page">
<kw name="Go To" library="SeleniumLibrary">
<doc>Navigates the current browser window to the provided ``url``.</doc>
<arguments>
<arg>${URL}</arg>
</arguments>
<msg timestamp="20200421 15:32:10.230" level="INFO">Opening url 'https://localhost:44353'</msg>
<status status="PASS" starttime="20200421 15:32:10.230" endtime="20200421 15:32:10.321"></status>
</kw>
<kw name="Wait Until Page Contains" library="SeleniumLibrary">
<doc>Waits until ``text`` appears on the current page.</doc>
<arguments>
<arg>${SEARCH_TERM}</arg>
</arguments>
<status status="PASS" starttime="20200421 15:32:10.321" endtime="20200421 15:32:10.334"></status>
</kw>
<status status="PASS" starttime="20200421 15:32:10.229" endtime="20200421 15:32:10.334"></status>
</kw>
<kw name="Go to register page from login page">
<kw name="Wait Until Page Contains" library="SeleniumLibrary">
<doc>Waits until ``text`` appears on the current page.</doc>
<arguments>
<arg>Login</arg>
</arguments>
<status status="PASS" starttime="20200421 15:32:10.334" endtime="20200421 15:32:10.339"></status>
</kw>
<kw name="Click Element" library="SeleniumLibrary">
<doc>Click the element identified by ``locator``.</doc>
<arguments>
<arg>xpath://html/body/header/nav/div/div/ul[1]/li[3]/a</arg>
</arguments>
<msg timestamp="20200421 15:32:10.339" level="INFO">Clicking element 'xpath://html/body/header/nav/div/div/ul[1]/li[3]/a'.</msg>
<status status="PASS" starttime="20200421 15:32:10.339" endtime="20200421 15:32:10.406"></status>
</kw>
<kw name="Wait Until Page Contains" library="SeleniumLibrary">
<doc>Waits until ``text`` appears on the current page.</doc>
<arguments>
<arg>Use a local account to log in</arg>
</arguments>
<status status="PASS" starttime="20200421 15:32:10.406" endtime="20200421 15:32:10.413"></status>
</kw>
<kw name="Click Element" library="SeleniumLibrary">
<doc>Click the element identified by ``locator``.</doc>
<arguments>
<arg>xpath://html/body/div/main/div/div[1]/section/form/div[6]/p[2]/a</arg>
</arguments>
<msg timestamp="20200421 15:32:10.413" level="INFO">Clicking element 'xpath://html/body/div/main/div/div[1]/section/form/div[6]/p[2]/a'.</msg>
<status status="PASS" starttime="20200421 15:32:10.413" endtime="20200421 15:32:10.473"></status>
</kw>
<kw name="Wait Until Page Contains" library="SeleniumLibrary">
<doc>Waits until ``text`` appears on the current page.</doc>
<arguments>
<arg>Create a new account</arg>
</arguments>
<status status="PASS" starttime="20200421 15:32:10.473" endtime="20200421 15:32:10.481"></status>
</kw>
<status status="PASS" starttime="20200421 15:32:10.334" endtime="20200421 15:32:10.481"></status>
</kw>
<kw name="End Agile Project Test" type="teardown">
<kw name="Close Browser" library="SeleniumLibrary">
<doc>Closes the current browser.</doc>
<status status="PASS" starttime="20200421 15:32:10.482" endtime="20200421 15:32:11.172"></status>
</kw>
<status status="PASS" starttime="20200421 15:32:10.481" endtime="20200421 15:32:11.172"></status>
</kw>
<doc>Test: The user should be able to reach the register page from the login page if they do not have an account.</doc>
<tags>
<tag>Account</tag>
<tag>Referal</tag>
</tags>
<status status="PASS" starttime="20200421 15:32:05.112" endtime="20200421 15:32:11.172" critical="yes"></status>
</test>
<test id="s1-s1-t7" name="User can add ships/products to their shopping cart and remove them">
<kw name="Begin Agile Project Page Test" type="setup">
<kw name="Open Browser" library="SeleniumLibrary">
<doc>Opens a new browser instance to the optional ``url``.</doc>
<arguments>
<arg>about:blank</arg>
<arg>${BROWSER}</arg>
</arguments>
<msg timestamp="20200421 15:32:11.173" level="INFO">Opening browser 'firefox' to base url 'about:blank'.</msg>
<msg timestamp="20200421 15:32:11.174" level="INFO">Firefox driver log is always forced to to: C:\Users\SpEEk0Desktop\PycharmProjects\JenkinsSourceRedact\Results\geckodriver-14.log</msg>
<status status="PASS" starttime="20200421 15:32:11.173" endtime="20200421 15:32:16.282"></status>
</kw>
<status status="PASS" starttime="20200421 15:32:11.173" endtime="20200421 15:32:16.282"></status>
</kw>
<kw name="Go to Web Page">
<kw name="Go To" library="SeleniumLibrary">
<doc>Navigates the current browser window to the provided ``url``.</doc>
<arguments>
<arg>${URL}</arg>
</arguments>
<msg timestamp="20200421 15:32:16.283" level="INFO">Opening url 'https://localhost:44353'</msg>
<status status="PASS" starttime="20200421 15:32:16.283" endtime="20200421 15:32:16.378"></status>
</kw>
<kw name="Wait Until Page Contains" library="SeleniumLibrary">
<doc>Waits until ``text`` appears on the current page.</doc>
<arguments>
<arg>${SEARCH_TERM}</arg>
</arguments>
<status status="PASS" starttime="20200421 15:32:16.378" endtime="20200421 15:32:16.388"></status>
</kw>
<status status="PASS" starttime="20200421 15:32:16.282" endtime="20200421 15:32:16.388"></status>
</kw>
<kw name="Login to account">
<kw name="Wait Until Page Contains" library="SeleniumLibrary">
<doc>Waits until ``text`` appears on the current page.</doc>
<arguments>
<arg>Login</arg>
</arguments>
<status status="PASS" starttime="20200421 15:32:16.388" endtime="20200421 15:32:16.393"></status>
</kw>
<kw name="Click Element" library="SeleniumLibrary">
<doc>Click the element identified by ``locator``.</doc>
<arguments>
<arg>xpath://html/body/header/nav/div/div/ul[1]/li[3]/a</arg>
</arguments>
<msg timestamp="20200421 15:32:16.393" level="INFO">Clicking element 'xpath://html/body/header/nav/div/div/ul[1]/li[3]/a'.</msg>
<status status="PASS" starttime="20200421 15:32:16.393" endtime="20200421 15:32:16.481"></status>
</kw>
<kw name="Input Text" library="SeleniumLibrary">
<doc>Types the given ``text`` into the text field identified by ``locator``.</doc>
<arguments>
<arg>xpath://*[@id="Input_Email"]</arg>
<arg>${USERNAME}</arg>
</arguments>
<msg timestamp="20200421 15:32:16.482" level="INFO">Typing text 'test1@mctest1.se' into text field 'xpath://*[@id="Input_Email"]'.</msg>
<status status="PASS" starttime="20200421 15:32:16.482" endtime="20200421 15:32:16.518"></status>
</kw>
<kw name="Input Text" library="SeleniumLibrary">
<doc>Types the given ``text`` into the text field identified by ``locator``.</doc>
<arguments>
<arg>xpath://*[@id="Input_Password"]</arg>
<arg>${PASSWORD}</arg>
</arguments>
<msg timestamp="20200421 15:32:16.519" level="INFO">Typing text 'Testyness@10' into text field 'xpath://*[@id="Input_Password"]'.</msg>
<status status="PASS" starttime="20200421 15:32:16.518" endtime="20200421 15:32:16.543"></status>
</kw>
<kw name="Click Element" library="SeleniumLibrary">
<doc>Click the element identified by ``locator``.</doc>
<arguments>
<arg>xpath://html/body/div/main/div/div[1]/section/form/div[5]/button</arg>
</arguments>
<msg timestamp="20200421 15:32:16.543" level="INFO">Clicking element 'xpath://html/body/div/main/div/div[1]/section/form/div[5]/button'.</msg>
<status status="PASS" starttime="20200421 15:32:16.543" endtime="20200421 15:32:16.636"></status>
</kw>
<kw name="Wait Until Page Contains" library="SeleniumLibrary">
<doc>Waits until ``text`` appears on the current page.</doc>
<arguments>
<arg>${USERNAME}</arg>
</arguments>
<status status="PASS" starttime="20200421 15:32:16.636" endtime="20200421 15:32:16.641"></status>
</kw>
<status status="PASS" starttime="20200421 15:32:16.388" endtime="20200421 15:32:16.641"></status>
</kw>
<kw name="Go to Ships page">
<kw name="Click Element" library="SeleniumLibrary">
<doc>Click the element identified by ``locator``.</doc>
<arguments>
<arg>xpath://html/body/header/nav/div/div/ul[2]/li[2]/a</arg>
</arguments>
<msg timestamp="20200421 15:32:16.641" level="INFO">Clicking element 'xpath://html/body/header/nav/div/div/ul[2]/li[2]/a'.</msg>
<status status="PASS" starttime="20200421 15:32:16.641" endtime="20200421 15:32:16.728"></status>
</kw>
<kw name="Wait Until Page Contains" library="SeleniumLibrary">
<doc>Waits until ``text`` appears on the current page.</doc>
<arguments>
<arg>Max. population</arg>
</arguments>
<status status="PASS" starttime="20200421 15:32:16.728" endtime="20200421 15:32:16.735"></status>
</kw>
<status status="PASS" starttime="20200421 15:32:16.641" endtime="20200421 15:32:16.735"></status>
</kw>
<kw name="Add ships to cart">
<kw name="Click Button" library="SeleniumLibrary">
<doc>Clicks the button identified by ``locator``.</doc>
<arguments>
<arg>xpath://html/body/div/main/table/tbody/tr[2]/td[6]/form/button</arg>
</arguments>
<msg timestamp="20200421 15:32:16.736" level="INFO">Clicking button 'xpath://html/body/div/main/table/tbody/tr[2]/td[6]/form/button'.</msg>
<status status="PASS" starttime="20200421 15:32:16.736" endtime="20200421 15:32:16.809"></status>
</kw>
<kw name="Click Button" library="SeleniumLibrary">
<doc>Clicks the button identified by ``locator``.</doc>
<arguments>
<arg>xpath://html/body/div/main/table/tbody/tr[4]/td[6]/form/button</arg>
</arguments>
<msg timestamp="20200421 15:32:16.809" level="INFO">Clicking button 'xpath://html/body/div/main/table/tbody/tr[4]/td[6]/form/button'.</msg>
<status status="PASS" starttime="20200421 15:32:16.809" endtime="20200421 15:32:16.878"></status>
</kw>
<status status="PASS" starttime="20200421 15:32:16.735" endtime="20200421 15:32:16.878"></status>
</kw>
<kw name="Go to cart">
<kw name="Click Element" library="SeleniumLibrary">
<doc>Click the element identified by ``locator``.</doc>
<arguments>
<arg>xpath://html/body/header/nav/div/div/ul[1]/li[1]/a</arg>
</arguments>
<msg timestamp="20200421 15:32:16.879" level="INFO">Clicking element 'xpath://html/body/header/nav/div/div/ul[1]/li[1]/a'.</msg>
<status status="PASS" starttime="20200421 15:32:16.879" endtime="20200421 15:32:16.941"></status>
</kw>
<kw name="Wait Until Page Contains" library="SeleniumLibrary">
<doc>Waits until ``text`` appears on the current page.</doc>
<arguments>
<arg>Death Star</arg>
</arguments>
<status status="PASS" starttime="20200421 15:32:16.941" endtime="20200421 15:32:16.945"></status>
</kw>
<kw name="Wait Until Page Contains" library="SeleniumLibrary">
<doc>Waits until ``text`` appears on the current page.</doc>
<arguments>
<arg>Star Destroyer</arg>
</arguments>
<status status="PASS" starttime="20200421 15:32:16.945" endtime="20200421 15:32:16.951"></status>
</kw>
<status status="PASS" starttime="20200421 15:32:16.878" endtime="20200421 15:32:16.951"></status>
</kw>
<kw name="Remove ship from cart">
<kw name="Click Button" library="SeleniumLibrary">
<doc>Clicks the button identified by ``locator``.</doc>
<arguments>
<arg>xpath://html/body/div/main/table/tbody/tr[2]/td[10]/form/button</arg>
</arguments>
<msg timestamp="20200421 15:32:16.951" level="INFO">Clicking button 'xpath://html/body/div/main/table/tbody/tr[2]/td[10]/form/button'.</msg>
<status status="PASS" starttime="20200421 15:32:16.951" endtime="20200421 15:32:17.016"></status>
</kw>
<kw name="Wait Until Page Does Not Contain" library="SeleniumLibrary">
<doc>Waits until ``text`` disappears from the current page.</doc>
<arguments>
<arg>Star Destroyer</arg>
</arguments>
<status status="PASS" starttime="20200421 15:32:17.016" endtime="20200421 15:32:17.021"></status>
</kw>
<status status="PASS" starttime="20200421 15:32:16.951" endtime="20200421 15:32:17.021"></status>
</kw>
<kw name="End Agile Project Test" type="teardown">
<kw name="Close Browser" library="SeleniumLibrary">
<doc>Closes the current browser.</doc>
<status status="PASS" starttime="20200421 15:32:17.021" endtime="20200421 15:32:17.716"></status>
</kw>
<status status="PASS" starttime="20200421 15:32:17.021" endtime="20200421 15:32:17.716"></status>
</kw>
<doc>Test: The user should be able to add and remove products from their cart, and reach said cart.</doc>
<tags>
<tag>Account</tag>
<tag>Add_Products</tag>
<tag>Shopping_Cart</tag>
</tags>
<status status="PASS" starttime="20200421 15:32:11.172" endtime="20200421 15:32:17.716" critical="yes"></status>
</test>
<doc>This is a test suite around an agile projects website made with Razor Pages.</doc>
<status status="PASS" starttime="20200421 15:31:33.821" endtime="20200421 15:32:17.717"></status>
</suite>
<status status="PASS" starttime="20200421 15:31:33.804" endtime="20200421 15:32:17.719"></status>
</suite>
<statistics>
<total>
<stat pass="7" fail="0">Critical Tests</stat>
<stat pass="7" fail="0">All Tests</stat>
</total>
<tag>
<stat pass="1" fail="0">Access</stat>
<stat pass="5" fail="0">Account</stat>
<stat pass="1" fail="0">Add_Products</stat>
<stat pass="1" fail="0">Header</stat>
<stat pass="1" fail="0">Login</stat>
<stat pass="1" fail="0">Logout</stat>
<stat pass="1" fail="0">Pages</stat>
<stat pass="1" fail="0">Profanity_Filter</stat>
<stat pass="1" fail="0">Referal</stat>
<stat pass="1" fail="0">Shopping_Cart</stat>
</tag>
<suite>
<stat pass="7" fail="0" id="s1" name="Tests">Tests</stat>
<stat pass="7" fail="0" id="s1-s1" name="RebelRentals">Tests.RebelRentals</stat>
</suite>
</statistics>
<errors>
</errors>
</robot>
