<?xml version="1.0" encoding="UTF-8"?>
<robot generator="Robot 3.1.2 (Python 3.8.2 on win32)" generated="20200503 10:34:09.703" rpa="false">
<suite id="s1" name="Tests" source="C:\Users\SpEEk0Desktop\PycharmProjects\JenkinsSourceRedact\Tests">
<suite id="s1-s1" name="RebelRentals" source="C:\Users\SpEEk0Desktop\PycharmProjects\JenkinsSourceRedact\Tests\RebelRentals.robot">
<test id="s1-s1-t1" name="User can access RebelRental page">
<kw name="Begin Agile Project Page Test" type="setup">
<kw name="Open Browser" library="SeleniumLibrary">
<doc>Opens a new browser instance to the optional ``url``.</doc>
<arguments>
<arg>about:blank</arg>
<arg>${BROWSER}</arg>
</arguments>
<msg timestamp="20200503 10:34:09.862" level="INFO">Opening browser 'firefox' to base url 'about:blank'.</msg>
<msg timestamp="20200503 10:34:09.863" level="INFO">Firefox driver log is always forced to to: C:\Users\SpEEk0Desktop\PycharmProjects\JenkinsSourceRedact\Results\geckodriver-12.log</msg>
<status status="PASS" starttime="20200503 10:34:09.862" endtime="20200503 10:34:14.965"></status>
</kw>
<status status="PASS" starttime="20200503 10:34:09.862" endtime="20200503 10:34:14.965"></status>
</kw>
<kw name="Go to Web Page">
<kw name="Go To" library="SeleniumLibrary">
<doc>Navigates the current browser window to the provided ``url``.</doc>
<arguments>
<arg>${URL}</arg>
</arguments>
<msg timestamp="20200503 10:34:14.966" level="INFO">Opening url 'https://localhost:44353'</msg>
<status status="PASS" starttime="20200503 10:34:14.965" endtime="20200503 10:34:16.471"></status>
</kw>
<kw name="Wait Until Page Contains" library="SeleniumLibrary">
<doc>Waits until ``text`` appears on the current page.</doc>
<arguments>
<arg>${SEARCH_TERM}</arg>
</arguments>
<status status="PASS" starttime="20200503 10:34:16.471" endtime="20200503 10:34:16.477"></status>
</kw>
<status status="PASS" starttime="20200503 10:34:14.965" endtime="20200503 10:34:16.477"></status>
</kw>
<kw name="End Agile Project Test" type="teardown">
<kw name="Close Browser" library="SeleniumLibrary">
<doc>Closes the current browser.</doc>
<status status="PASS" starttime="20200503 10:34:16.477" endtime="20200503 10:34:17.159"></status>
</kw>
<status status="PASS" starttime="20200503 10:34:16.477" endtime="20200503 10:34:17.159"></status>
</kw>
<doc>Test: The user should be able to access the RebelRentals page.</doc>
<tags>
<tag>Access</tag>
</tags>
<status status="PASS" starttime="20200503 10:34:09.861" endtime="20200503 10:34:17.159" critical="yes"></status>
</test>
<test id="s1-s1-t2" name="User can switch pages in header menu">
<kw name="Begin Agile Project Page Test" type="setup">
<kw name="Open Browser" library="SeleniumLibrary">
<doc>Opens a new browser instance to the optional ``url``.</doc>
<arguments>
<arg>about:blank</arg>
<arg>${BROWSER}</arg>
</arguments>
<msg timestamp="20200503 10:34:17.161" level="INFO">Opening browser 'firefox' to base url 'about:blank'.</msg>
<msg timestamp="20200503 10:34:17.161" level="INFO">Firefox driver log is always forced to to: C:\Users\SpEEk0Desktop\PycharmProjects\JenkinsSourceRedact\Results\geckodriver-13.log</msg>
<status status="PASS" starttime="20200503 10:34:17.160" endtime="20200503 10:34:22.268"></status>
</kw>
<status status="PASS" starttime="20200503 10:34:17.160" endtime="20200503 10:34:22.269"></status>
</kw>
<kw name="Go to Web Page">
<kw name="Go To" library="SeleniumLibrary">
<doc>Navigates the current browser window to the provided ``url``.</doc>
<arguments>
<arg>${URL}</arg>
</arguments>
<msg timestamp="20200503 10:34:22.269" level="INFO">Opening url 'https://localhost:44353'</msg>
<status status="PASS" starttime="20200503 10:34:22.269" endtime="20200503 10:34:23.712"></status>
</kw>
<kw name="Wait Until Page Contains" library="SeleniumLibrary">
<doc>Waits until ``text`` appears on the current page.</doc>
<arguments>
<arg>${SEARCH_TERM}</arg>
</arguments>
<status status="PASS" starttime="20200503 10:34:23.712" endtime="20200503 10:34:23.720"></status>
</kw>
<status status="PASS" starttime="20200503 10:34:22.269" endtime="20200503 10:34:23.720"></status>
</kw>
<kw name="Switch to privacy page">
<kw name="Go to Web Page">
<kw name="Go To" library="SeleniumLibrary">
<doc>Navigates the current browser window to the provided ``url``.</doc>
<arguments>
<arg>${URL}</arg>
</arguments>
<msg timestamp="20200503 10:34:23.720" level="INFO">Opening url 'https://localhost:44353'</msg>
<status status="PASS" starttime="20200503 10:34:23.720" endtime="20200503 10:34:23.769"></status>
</kw>
<kw name="Wait Until Page Contains" library="SeleniumLibrary">
<doc>Waits until ``text`` appears on the current page.</doc>
<arguments>
<arg>${SEARCH_TERM}</arg>
</arguments>
<status status="PASS" starttime="20200503 10:34:23.770" endtime="20200503 10:34:23.778"></status>
</kw>
<status status="PASS" starttime="20200503 10:34:23.720" endtime="20200503 10:34:23.778"></status>
</kw>
<kw name="Click Element" library="SeleniumLibrary">
<doc>Click the element identified by ``locator``.</doc>
<arguments>
<arg>xpath://html/body/header/nav/div/div/ul[2]/li[3]/a</arg>
</arguments>
<msg timestamp="20200503 10:34:23.778" level="INFO">Clicking element 'xpath://html/body/header/nav/div/div/ul[2]/li[3]/a'.</msg>
<status status="PASS" starttime="20200503 10:34:23.778" endtime="20200503 10:34:23.843"></status>
</kw>
<kw name="Wait Until Page Contains" library="SeleniumLibrary">
<doc>Waits until ``text`` appears on the current page.</doc>
<arguments>
<arg>Privacy Policy</arg>
</arguments>
<status status="PASS" starttime="20200503 10:34:23.843" endtime="20200503 10:34:23.848"></status>
</kw>
<status status="PASS" starttime="20200503 10:34:23.720" endtime="20200503 10:34:23.848"></status>
</kw>
<kw name="Switch to home page">
<kw name="Click Element" library="SeleniumLibrary">
<doc>Click the element identified by ``locator``.</doc>
<arguments>
<arg>xpath://html/body/header/nav/div/div/ul[2]/li[1]/a</arg>
</arguments>
<msg timestamp="20200503 10:34:23.848" level="INFO">Clicking element 'xpath://html/body/header/nav/div/div/ul[2]/li[1]/a'.</msg>
<status status="PASS" starttime="20200503 10:34:23.848" endtime="20200503 10:34:23.911"></status>
</kw>
<kw name="Wait Until Page Contains" library="SeleniumLibrary">
<doc>Waits until ``text`` appears on the current page.</doc>
<arguments>
<arg>NASA's Daily Recommended Tourist Location</arg>
</arguments>
<status status="PASS" starttime="20200503 10:34:23.911" endtime="20200503 10:34:23.916"></status>
</kw>
<status status="PASS" starttime="20200503 10:34:23.848" endtime="20200503 10:34:23.916"></status>
</kw>
<kw name="End Agile Project Test" type="teardown">
<kw name="Close Browser" library="SeleniumLibrary">
<doc>Closes the current browser.</doc>
<status status="PASS" starttime="20200503 10:34:23.916" endtime="20200503 10:34:24.635"></status>
</kw>
<status status="PASS" starttime="20200503 10:34:23.916" endtime="20200503 10:34:24.635"></status>
</kw>
<doc>Test: The user should be able to switch pages from the header menu.</doc>
<tags>
<tag>Header</tag>
<tag>Pages</tag>
</tags>
<status status="PASS" starttime="20200503 10:34:17.160" endtime="20200503 10:34:24.635" critical="yes"></status>
</test>
<test id="s1-s1-t3" name="User can create an account">
<kw name="Begin Agile Project Page Test" type="setup">
<kw name="Open Browser" library="SeleniumLibrary">
<doc>Opens a new browser instance to the optional ``url``.</doc>
<arguments>
<arg>about:blank</arg>
<arg>${BROWSER}</arg>
</arguments>
<msg timestamp="20200503 10:34:24.636" level="INFO">Opening browser 'firefox' to base url 'about:blank'.</msg>
<msg timestamp="20200503 10:34:24.637" level="INFO">Firefox driver log is always forced to to: C:\Users\SpEEk0Desktop\PycharmProjects\JenkinsSourceRedact\Results\geckodriver-14.log</msg>
<status status="PASS" starttime="20200503 10:34:24.636" endtime="20200503 10:34:29.747"></status>
</kw>
<status status="PASS" starttime="20200503 10:34:24.636" endtime="20200503 10:34:29.747"></status>
</kw>
<kw name="Go to Web Page">
<kw name="Go To" library="SeleniumLibrary">
<doc>Navigates the current browser window to the provided ``url``.</doc>
<arguments>
<arg>${URL}</arg>
</arguments>
<msg timestamp="20200503 10:34:29.748" level="INFO">Opening url 'https://localhost:44353'</msg>
<status status="PASS" starttime="20200503 10:34:29.748" endtime="20200503 10:34:31.105"></status>
</kw>
<kw name="Wait Until Page Contains" library="SeleniumLibrary">
<doc>Waits until ``text`` appears on the current page.</doc>
<arguments>
<arg>${SEARCH_TERM}</arg>
</arguments>
<status status="PASS" starttime="20200503 10:34:31.105" endtime="20200503 10:34:31.110"></status>
</kw>
<status status="PASS" starttime="20200503 10:34:29.747" endtime="20200503 10:34:31.110"></status>
</kw>
<kw name="Generate Email">
<kw name="Generate Random String" library="String">
<doc>Generates a string with a desired ``length`` from the given ``chars``.</doc>
<arguments>
<arg>6</arg>
<arg>[NUMBERS]abcdef</arg>
</arguments>
<assign>
<var>${RANDOMSTRING}</var>
</assign>
<msg timestamp="20200503 10:34:31.111" level="INFO">${RANDOMSTRING} = 63b01d</msg>
<status status="PASS" starttime="20200503 10:34:31.111" endtime="20200503 10:34:31.111"></status>
</kw>
<kw name="Set Global Variable" library="BuiltIn">
<doc>Makes a variable available globally in all tests and suites.</doc>
<arguments>
<arg>${RANDOMSTRING}</arg>
</arguments>
<msg timestamp="20200503 10:34:31.111" level="INFO">${RANDOMSTRING} = 63b01d</msg>
<status status="PASS" starttime="20200503 10:34:31.111" endtime="20200503 10:34:31.111"></status>
</kw>
<status status="PASS" starttime="20200503 10:34:31.110" endtime="20200503 10:34:31.111"></status>
</kw>
<kw name="Register an account">
<kw name="Click Element" library="SeleniumLibrary">
<doc>Click the element identified by ``locator``.</doc>
<arguments>
<arg>xpath://html/body/header/nav/div/div/ul[1]/li[2]/a</arg>
</arguments>
<msg timestamp="20200503 10:34:31.111" level="INFO">Clicking element 'xpath://html/body/header/nav/div/div/ul[1]/li[2]/a'.</msg>
<status status="PASS" starttime="20200503 10:34:31.111" endtime="20200503 10:34:31.184"></status>
</kw>
<kw name="Wait Until Page Contains" library="SeleniumLibrary">
<doc>Waits until ``text`` appears on the current page.</doc>
<arguments>
<arg>Create a new account</arg>
</arguments>
<status status="PASS" starttime="20200503 10:34:31.185" endtime="20200503 10:34:31.193"></status>
</kw>
<kw name="Wait Until Element Is Visible" library="SeleniumLibrary">
<doc>Waits until the element ``locator`` is visible.</doc>
<arguments>
<arg>xpath://*[@id="Input_Email"]</arg>
</arguments>
<status status="PASS" starttime="20200503 10:34:31.193" endtime="20200503 10:34:31.209"></status>
</kw>
<kw name="Input Text" library="SeleniumLibrary">
<doc>Types the given ``text`` into the text field identified by ``locator``.</doc>
<arguments>
<arg>xpath://*[@id="Input_Email"]</arg>
<arg>${RANDOMSTRING}@email.com</arg>
</arguments>
<msg timestamp="20200503 10:34:31.210" level="INFO">Typing text '63b01d@email.com' into text field 'xpath://*[@id="Input_Email"]'.</msg>
<status status="PASS" starttime="20200503 10:34:31.209" endtime="20200503 10:34:31.238"></status>
</kw>
<kw name="Input Text" library="SeleniumLibrary">
<doc>Types the given ``text`` into the text field identified by ``locator``.</doc>
<arguments>
<arg>xpath://*[@id="Input_PhoneNumber"]</arg>
<arg>0731234567</arg>
</arguments>
<msg timestamp="20200503 10:34:31.238" level="INFO">Typing text '0731234567' into text field 'xpath://*[@id="Input_PhoneNumber"]'.</msg>
<status status="PASS" starttime="20200503 10:34:31.238" endtime="20200503 10:34:31.261"></status>
</kw>
<kw name="Input Text" library="SeleniumLibrary">
<doc>Types the given ``text`` into the text field identified by ``locator``.</doc>
<arguments>
<arg>xpath://*[@id="Input_Password"]</arg>
<arg>${PASSWORD}</arg>
</arguments>
<msg timestamp="20200503 10:34:31.261" level="INFO">Typing text 'Testyness@10' into text field 'xpath://*[@id="Input_Password"]'.</msg>
<status status="PASS" starttime="20200503 10:34:31.261" endtime="20200503 10:34:31.279"></status>
</kw>
<kw name="Input Text" library="SeleniumLibrary">
<doc>Types the given ``text`` into the text field identified by ``locator``.</doc>
<arguments>
<arg>xpath://*[@id="Input_ConfirmPassword"]</arg>
<arg>${PASSWORD}</arg>
</arguments>
<msg timestamp="20200503 10:34:31.280" level="INFO">Typing text 'Testyness@10' into text field 'xpath://*[@id="Input_ConfirmPassword"]'.</msg>
<status status="PASS" starttime="20200503 10:34:31.280" endtime="20200503 10:34:31.299"></status>
</kw>
<kw name="Click Element" library="SeleniumLibrary">
<doc>Click the element identified by ``locator``.</doc>
<arguments>
<arg>xpath://html/body/div/main/div/div[1]/form/button</arg>
</arguments>
<msg timestamp="20200503 10:34:31.300" level="INFO">Clicking element 'xpath://html/body/div/main/div/div[1]/form/button'.</msg>
<status status="PASS" starttime="20200503 10:34:31.300" endtime="20200503 10:34:32.003"></status>
</kw>
<kw name="Wait Until Page Contains" library="SeleniumLibrary">
<doc>Waits until ``text`` appears on the current page.</doc>
<arguments>
<arg>Register confirmation</arg>
</arguments>
<status status="PASS" starttime="20200503 10:34:32.003" endtime="20200503 10:34:32.007"></status>
</kw>
<kw name="Click Element" library="SeleniumLibrary">
<doc>Click the element identified by ``locator``.</doc>
<arguments>
<arg>xpath://*[@id="confirm-link"]</arg>
</arguments>
<msg timestamp="20200503 10:34:32.007" level="INFO">Clicking element 'xpath://*[@id="confirm-link"]'.</msg>
<status status="PASS" starttime="20200503 10:34:32.007" endtime="20200503 10:34:32.080"></status>
</kw>
<kw name="Wait Until Page Contains" library="SeleniumLibrary">
<doc>Waits until ``text`` appears on the current page.</doc>
<arguments>
<arg>Thank you for confirming your email</arg>
</arguments>
<status status="PASS" starttime="20200503 10:34:32.081" endtime="20200503 10:34:32.085"></status>
</kw>
<status status="PASS" starttime="20200503 10:34:31.111" endtime="20200503 10:34:32.085"></status>
</kw>
<kw name="End Agile Project Test" type="teardown">
<kw name="Close Browser" library="SeleniumLibrary">
<doc>Closes the current browser.</doc>
<status status="PASS" starttime="20200503 10:34:32.085" endtime="20200503 10:34:32.830"></status>
</kw>
<status status="PASS" starttime="20200503 10:34:32.085" endtime="20200503 10:34:32.831"></status>
</kw>
<doc>Test: The user should be able to create an account.</doc>
<tags>
<tag>Account</tag>
</tags>
<status status="PASS" starttime="20200503 10:34:24.635" endtime="20200503 10:34:32.831" critical="yes"></status>
</test>
<test id="s1-s1-t4" name="User can not create an account using profanity">
<kw name="Begin Agile Project Page Test" type="setup">
<kw name="Open Browser" library="SeleniumLibrary">
<doc>Opens a new browser instance to the optional ``url``.</doc>
<arguments>
<arg>about:blank</arg>
<arg>${BROWSER}</arg>
</arguments>
<msg timestamp="20200503 10:34:32.832" level="INFO">Opening browser 'firefox' to base url 'about:blank'.</msg>
<msg timestamp="20200503 10:34:32.833" level="INFO">Firefox driver log is always forced to to: C:\Users\SpEEk0Desktop\PycharmProjects\JenkinsSourceRedact\Results\geckodriver-15.log</msg>
<status status="PASS" starttime="20200503 10:34:32.832" endtime="20200503 10:34:37.930"></status>
</kw>
<status status="PASS" starttime="20200503 10:34:32.831" endtime="20200503 10:34:37.930"></status>
</kw>
<kw name="Go to Web Page">
<kw name="Go To" library="SeleniumLibrary">
<doc>Navigates the current browser window to the provided ``url``.</doc>
<arguments>
<arg>${URL}</arg>
</arguments>
<msg timestamp="20200503 10:34:37.931" level="INFO">Opening url 'https://localhost:44353'</msg>
<status status="PASS" starttime="20200503 10:34:37.930" endtime="20200503 10:34:39.386"></status>
</kw>
<kw name="Wait Until Page Contains" library="SeleniumLibrary">
<doc>Waits until ``text`` appears on the current page.</doc>
<arguments>
<arg>${SEARCH_TERM}</arg>
</arguments>
<status status="PASS" starttime="20200503 10:34:39.386" endtime="20200503 10:34:39.392"></status>
</kw>
<status status="PASS" starttime="20200503 10:34:37.930" endtime="20200503 10:34:39.392"></status>
</kw>
<kw name="Register an account fail">
<kw name="Click Element" library="SeleniumLibrary">
<doc>Click the element identified by ``locator``.</doc>
<arguments>
<arg>xpath://html/body/header/nav/div/div/ul[1]/li[2]/a</arg>
</arguments>
<msg timestamp="20200503 10:34:39.392" level="INFO">Clicking element 'xpath://html/body/header/nav/div/div/ul[1]/li[2]/a'.</msg>
<status status="PASS" starttime="20200503 10:34:39.392" endtime="20200503 10:34:39.461"></status>
</kw>
<kw name="Wait Until Page Contains" library="SeleniumLibrary">
<doc>Waits until ``text`` appears on the current page.</doc>
<arguments>
<arg>Create a new account</arg>
</arguments>
<status status="PASS" starttime="20200503 10:34:39.461" endtime="20200503 10:34:39.469"></status>
</kw>
<kw name="Wait Until Element Is Visible" library="SeleniumLibrary">
<doc>Waits until the element ``locator`` is visible.</doc>
<arguments>
<arg>xpath://*[@id="Input_Email"]</arg>
</arguments>
<status status="PASS" starttime="20200503 10:34:39.469" endtime="20200503 10:34:39.487"></status>
</kw>
<kw name="Input Text" library="SeleniumLibrary">
<doc>Types the given ``text`` into the text field identified by ``locator``.</doc>
<arguments>
<arg>xpath://*[@id="Input_Email"]</arg>
<arg>${RANDOMSTRING}fuck@email.com</arg>
</arguments>
<msg timestamp="20200503 10:34:39.487" level="INFO">Typing text '63b01dfuck@email.com' into text field 'xpath://*[@id="Input_Email"]'.</msg>
<status status="PASS" starttime="20200503 10:34:39.487" endtime="20200503 10:34:39.518"></status>
</kw>
<kw name="Input Text" library="SeleniumLibrary">
<doc>Types the given ``text`` into the text field identified by ``locator``.</doc>
<arguments>
<arg>xpath://*[@id="Input_PhoneNumber"]</arg>
<arg>0731234567</arg>
</arguments>
<msg timestamp="20200503 10:34:39.519" level="INFO">Typing text '0731234567' into text field 'xpath://*[@id="Input_PhoneNumber"]'.</msg>
<status status="PASS" starttime="20200503 10:34:39.519" endtime="20200503 10:34:39.545"></status>
</kw>
<kw name="Input Text" library="SeleniumLibrary">
<doc>Types the given ``text`` into the text field identified by ``locator``.</doc>
<arguments>
<arg>xpath://*[@id="Input_Password"]</arg>
<arg>${PASSWORD}</arg>
</arguments>
<msg timestamp="20200503 10:34:39.545" level="INFO">Typing text 'Testyness@10' into text field 'xpath://*[@id="Input_Password"]'.</msg>
<status status="PASS" starttime="20200503 10:34:39.545" endtime="20200503 10:34:39.563"></status>
</kw>
<kw name="Input Text" library="SeleniumLibrary">
<doc>Types the given ``text`` into the text field identified by ``locator``.</doc>
<arguments>
<arg>xpath://*[@id="Input_ConfirmPassword"]</arg>
<arg>${PASSWORD}</arg>
</arguments>
<msg timestamp="20200503 10:34:39.563" level="INFO">Typing text 'Testyness@10' into text field 'xpath://*[@id="Input_ConfirmPassword"]'.</msg>
<status status="PASS" starttime="20200503 10:34:39.563" endtime="20200503 10:34:39.581"></status>
</kw>
<kw name="Click Element" library="SeleniumLibrary">
<doc>Click the element identified by ``locator``.</doc>
<arguments>
<arg>xpath://html/body/div/main/div/div[1]/form/button</arg>
</arguments>
<msg timestamp="20200503 10:34:39.582" level="INFO">Clicking element 'xpath://html/body/div/main/div/div[1]/form/button'.</msg>
<status status="PASS" starttime="20200503 10:34:39.581" endtime="20200503 10:34:40.207"></status>
</kw>
<kw name="Wait Until Page Contains" library="SeleniumLibrary">
<doc>Waits until ``text`` appears on the current page.</doc>
<arguments>
<arg>Profanity not allowed</arg>
</arguments>
<status status="PASS" starttime="20200503 10:34:40.207" endtime="20200503 10:34:40.214"></status>
</kw>
<kw name="Page Should Not Contain" library="SeleniumLibrary">
<doc>Verifies the current page does not contain ``text``.</doc>
<arguments>
<arg>Register confirmation</arg>
</arguments>
<msg timestamp="20200503 10:34:40.225" level="INFO">Current page does not contain text 'Register confirmation'.</msg>
<status status="PASS" starttime="20200503 10:34:40.214" endtime="20200503 10:34:40.225"></status>
</kw>
<status status="PASS" starttime="20200503 10:34:39.392" endtime="20200503 10:34:40.225"></status>
</kw>
<kw name="End Agile Project Test" type="teardown">
<kw name="Close Browser" library="SeleniumLibrary">
<doc>Closes the current browser.</doc>
<status status="PASS" starttime="20200503 10:34:40.226" endtime="20200503 10:34:40.915"></status>
</kw>
<status status="PASS" starttime="20200503 10:34:40.226" endtime="20200503 10:34:40.915"></status>
</kw>
<doc>Test: The user should not be able to create an account using profanity in username/email.</doc>
<tags>
<tag>Account</tag>
<tag>Profanity_Filter</tag>
</tags>
<status status="PASS" starttime="20200503 10:34:32.831" endtime="20200503 10:34:40.915" critical="yes"></status>
</test>
<test id="s1-s1-t5" name="User can login with registered credentials and logout">
<kw name="Begin Agile Project Page Test" type="setup">
<kw name="Open Browser" library="SeleniumLibrary">
<doc>Opens a new browser instance to the optional ``url``.</doc>
<arguments>
<arg>about:blank</arg>
<arg>${BROWSER}</arg>
</arguments>
<msg timestamp="20200503 10:34:40.916" level="INFO">Opening browser 'firefox' to base url 'about:blank'.</msg>
<msg timestamp="20200503 10:34:40.917" level="INFO">Firefox driver log is always forced to to: C:\Users\SpEEk0Desktop\PycharmProjects\JenkinsSourceRedact\Results\geckodriver-16.log</msg>
<status status="PASS" starttime="20200503 10:34:40.916" endtime="20200503 10:34:46.023"></status>
</kw>
<status status="PASS" starttime="20200503 10:34:40.916" endtime="20200503 10:34:46.023"></status>
</kw>
<kw name="Go to Web Page">
<kw name="Go To" library="SeleniumLibrary">
<doc>Navigates the current browser window to the provided ``url``.</doc>
<arguments>
<arg>${URL}</arg>
</arguments>
<msg timestamp="20200503 10:34:46.024" level="INFO">Opening url 'https://localhost:44353'</msg>
<status status="PASS" starttime="20200503 10:34:46.023" endtime="20200503 10:34:47.354"></status>
</kw>
<kw name="Wait Until Page Contains" library="SeleniumLibrary">
<doc>Waits until ``text`` appears on the current page.</doc>
<arguments>
<arg>${SEARCH_TERM}</arg>
</arguments>
<status status="PASS" starttime="20200503 10:34:47.354" endtime="20200503 10:34:47.360"></status>
</kw>
<status status="PASS" starttime="20200503 10:34:46.023" endtime="20200503 10:34:47.360"></status>
</kw>
<kw name="Login to and logout from the site">
<kw name="Wait Until Page Contains" library="SeleniumLibrary">
<doc>Waits until ``text`` appears on the current page.</doc>
<arguments>
<arg>Login</arg>
</arguments>
<status status="PASS" starttime="20200503 10:34:47.360" endtime="20200503 10:34:47.365"></status>
</kw>
<kw name="Click Element" library="SeleniumLibrary">
<doc>Click the element identified by ``locator``.</doc>
<arguments>
<arg>xpath://html/body/header/nav/div/div/ul[1]/li[3]/a</arg>
</arguments>
<msg timestamp="20200503 10:34:47.365" level="INFO">Clicking element 'xpath://html/body/header/nav/div/div/ul[1]/li[3]/a'.</msg>
<status status="PASS" starttime="20200503 10:34:47.365" endtime="20200503 10:34:47.435"></status>
</kw>
<kw name="Input Text" library="SeleniumLibrary">
<doc>Types the given ``text`` into the text field identified by ``locator``.</doc>
<arguments>
<arg>xpath://*[@id="Input_Email"]</arg>
<arg>${USERNAME}</arg>
</arguments>
<msg timestamp="20200503 10:34:47.435" level="INFO">Typing text 'test1@mctest1.se' into text field 'xpath://*[@id="Input_Email"]'.</msg>
<status status="PASS" starttime="20200503 10:34:47.435" endtime="20200503 10:34:47.472"></status>
</kw>
<kw name="Input Text" library="SeleniumLibrary">
<doc>Types the given ``text`` into the text field identified by ``locator``.</doc>
<arguments>
<arg>xpath://*[@id="Input_Password"]</arg>
<arg>${PASSWORD}</arg>
</arguments>
<msg timestamp="20200503 10:34:47.472" level="INFO">Typing text 'Testyness@10' into text field 'xpath://*[@id="Input_Password"]'.</msg>
<status status="PASS" starttime="20200503 10:34:47.472" endtime="20200503 10:34:47.497"></status>
</kw>
<kw name="Click Element" library="SeleniumLibrary">
<doc>Click the element identified by ``locator``.</doc>
<arguments>
<arg>xpath://html/body/div/main/div/div[1]/section/form/div[5]/button</arg>
</arguments>
<msg timestamp="20200503 10:34:47.498" level="INFO">Clicking element 'xpath://html/body/div/main/div/div[1]/section/form/div[5]/button'.</msg>
<status status="PASS" starttime="20200503 10:34:47.497" endtime="20200503 10:34:47.577"></status>
</kw>
<kw name="Wait Until Page Contains" library="SeleniumLibrary">
<doc>Waits until ``text`` appears on the current page.</doc>
<arguments>
<arg>${USERNAME}</arg>
</arguments>
<status status="PASS" starttime="20200503 10:34:47.577" endtime="20200503 10:34:47.581"></status>
</kw>
<kw name="Click Element" library="SeleniumLibrary">
<doc>Click the element identified by ``locator``.</doc>
<arguments>
<arg>xpath://html/body/header/nav/div/div/ul[1]/li[3]/form/button</arg>
</arguments>
<msg timestamp="20200503 10:34:47.581" level="INFO">Clicking element 'xpath://html/body/header/nav/div/div/ul[1]/li[3]/form/button'.</msg>
<status status="PASS" starttime="20200503 10:34:47.581" endtime="20200503 10:34:47.652"></status>
</kw>
<kw name="Wait Until Page Does Not Contain" library="SeleniumLibrary">
<doc>Waits until ``text`` disappears from the current page.</doc>
<arguments>
<arg>${USERNAME}</arg>
</arguments>
<status status="PASS" starttime="20200503 10:34:47.652" endtime="20200503 10:34:47.659"></status>
</kw>
<status status="PASS" starttime="20200503 10:34:47.360" endtime="20200503 10:34:47.659"></status>
</kw>
<kw name="End Agile Project Test" type="teardown">
<kw name="Close Browser" library="SeleniumLibrary">
<doc>Closes the current browser.</doc>
<status status="PASS" starttime="20200503 10:34:47.660" endtime="20200503 10:34:48.390"></status>
</kw>
<status status="PASS" starttime="20200503 10:34:47.659" endtime="20200503 10:34:48.390"></status>
</kw>
<doc>Test: The user should be able to reach a login page with a button/link. The user should then be able to login with the credentials stored at the registration and log out.</doc>
<tags>
<tag>Account</tag>
<tag>Login</tag>
<tag>Logout</tag>
</tags>
<status status="PASS" starttime="20200503 10:34:40.915" endtime="20200503 10:34:48.390" critical="yes"></status>
</test>
<test id="s1-s1-t6" name="User can reach register page from the login page">
<kw name="Begin Agile Project Page Test" type="setup">
<kw name="Open Browser" library="SeleniumLibrary">
<doc>Opens a new browser instance to the optional ``url``.</doc>
<arguments>
<arg>about:blank</arg>
<arg>${BROWSER}</arg>
</arguments>
<msg timestamp="20200503 10:34:48.391" level="INFO">Opening browser 'firefox' to base url 'about:blank'.</msg>
<msg timestamp="20200503 10:34:48.392" level="INFO">Firefox driver log is always forced to to: C:\Users\SpEEk0Desktop\PycharmProjects\JenkinsSourceRedact\Results\geckodriver-17.log</msg>
<status status="PASS" starttime="20200503 10:34:48.391" endtime="20200503 10:34:53.504"></status>
</kw>
<status status="PASS" starttime="20200503 10:34:48.390" endtime="20200503 10:34:53.504"></status>
</kw>
<kw name="Go to Web Page">
<kw name="Go To" library="SeleniumLibrary">
<doc>Navigates the current browser window to the provided ``url``.</doc>
<arguments>
<arg>${URL}</arg>
</arguments>
<msg timestamp="20200503 10:34:53.504" level="INFO">Opening url 'https://localhost:44353'</msg>
<status status="PASS" starttime="20200503 10:34:53.504" endtime="20200503 10:34:54.955"></status>
</kw>
<kw name="Wait Until Page Contains" library="SeleniumLibrary">
<doc>Waits until ``text`` appears on the current page.</doc>
<arguments>
<arg>${SEARCH_TERM}</arg>
</arguments>
<status status="PASS" starttime="20200503 10:34:54.955" endtime="20200503 10:34:54.960"></status>
</kw>
<status status="PASS" starttime="20200503 10:34:53.504" endtime="20200503 10:34:54.960"></status>
</kw>
<kw name="Go to register page from login page">
<kw name="Wait Until Page Contains" library="SeleniumLibrary">
<doc>Waits until ``text`` appears on the current page.</doc>
<arguments>
<arg>Login</arg>
</arguments>
<status status="PASS" starttime="20200503 10:34:54.961" endtime="20200503 10:34:54.964"></status>
</kw>
<kw name="Click Element" library="SeleniumLibrary">
<doc>Click the element identified by ``locator``.</doc>
<arguments>
<arg>xpath://html/body/header/nav/div/div/ul[1]/li[3]/a</arg>
</arguments>
<msg timestamp="20200503 10:34:54.965" level="INFO">Clicking element 'xpath://html/body/header/nav/div/div/ul[1]/li[3]/a'.</msg>
<status status="PASS" starttime="20200503 10:34:54.964" endtime="20200503 10:34:55.032"></status>
</kw>
<kw name="Wait Until Page Contains" library="SeleniumLibrary">
<doc>Waits until ``text`` appears on the current page.</doc>
<arguments>
<arg>Use a local account to log in</arg>
</arguments>
<status status="PASS" starttime="20200503 10:34:55.032" endtime="20200503 10:34:55.040"></status>
</kw>
<kw name="Click Element" library="SeleniumLibrary">
<doc>Click the element identified by ``locator``.</doc>
<arguments>
<arg>xpath://html/body/div/main/div/div[1]/section/form/div[6]/p[2]/a</arg>
</arguments>
<msg timestamp="20200503 10:34:55.040" level="INFO">Clicking element 'xpath://html/body/div/main/div/div[1]/section/form/div[6]/p[2]/a'.</msg>
<status status="PASS" starttime="20200503 10:34:55.040" endtime="20200503 10:34:55.105"></status>
</kw>
<kw name="Wait Until Page Contains" library="SeleniumLibrary">
<doc>Waits until ``text`` appears on the current page.</doc>
<arguments>
<arg>Create a new account</arg>
</arguments>
<status status="PASS" starttime="20200503 10:34:55.105" endtime="20200503 10:34:55.113"></status>
</kw>
<status status="PASS" starttime="20200503 10:34:54.960" endtime="20200503 10:34:55.113"></status>
</kw>
<kw name="End Agile Project Test" type="teardown">
<kw name="Close Browser" library="SeleniumLibrary">
<doc>Closes the current browser.</doc>
<status status="PASS" starttime="20200503 10:34:55.114" endtime="20200503 10:34:55.831"></status>
</kw>
<status status="PASS" starttime="20200503 10:34:55.113" endtime="20200503 10:34:55.831"></status>
</kw>
<doc>Test: The user should be able to reach the register page from the login page if they do not have an account.</doc>
<tags>
<tag>Account</tag>
<tag>Referal</tag>
</tags>
<status status="PASS" starttime="20200503 10:34:48.390" endtime="20200503 10:34:55.831" critical="yes"></status>
</test>
<test id="s1-s1-t7" name="User can add ships/products to their shopping cart and remove them">
<kw name="Begin Agile Project Page Test" type="setup">
<kw name="Open Browser" library="SeleniumLibrary">
<doc>Opens a new browser instance to the optional ``url``.</doc>
<arguments>
<arg>about:blank</arg>
<arg>${BROWSER}</arg>
</arguments>
<msg timestamp="20200503 10:34:55.833" level="INFO">Opening browser 'firefox' to base url 'about:blank'.</msg>
<msg timestamp="20200503 10:34:55.833" level="INFO">Firefox driver log is always forced to to: C:\Users\SpEEk0Desktop\PycharmProjects\JenkinsSourceRedact\Results\geckodriver-18.log</msg>
<status status="PASS" starttime="20200503 10:34:55.832" endtime="20200503 10:35:00.933"></status>
</kw>
<status status="PASS" starttime="20200503 10:34:55.832" endtime="20200503 10:35:00.933"></status>
</kw>
<kw name="Go to Web Page">
<kw name="Go To" library="SeleniumLibrary">
<doc>Navigates the current browser window to the provided ``url``.</doc>
<arguments>
<arg>${URL}</arg>
</arguments>
<msg timestamp="20200503 10:35:00.934" level="INFO">Opening url 'https://localhost:44353'</msg>
<status status="PASS" starttime="20200503 10:35:00.934" endtime="20200503 10:35:02.405"></status>
</kw>
<kw name="Wait Until Page Contains" library="SeleniumLibrary">
<doc>Waits until ``text`` appears on the current page.</doc>
<arguments>
<arg>${SEARCH_TERM}</arg>
</arguments>
<status status="PASS" starttime="20200503 10:35:02.405" endtime="20200503 10:35:02.410"></status>
</kw>
<status status="PASS" starttime="20200503 10:35:00.933" endtime="20200503 10:35:02.411"></status>
</kw>
<kw name="Login to account">
<kw name="Wait Until Page Contains" library="SeleniumLibrary">
<doc>Waits until ``text`` appears on the current page.</doc>
<arguments>
<arg>Login</arg>
</arguments>
<status status="PASS" starttime="20200503 10:35:02.411" endtime="20200503 10:35:02.414"></status>
</kw>
<kw name="Click Element" library="SeleniumLibrary">
<doc>Click the element identified by ``locator``.</doc>
<arguments>
<arg>xpath://html/body/header/nav/div/div/ul[1]/li[3]/a</arg>
</arguments>
<msg timestamp="20200503 10:35:02.415" level="INFO">Clicking element 'xpath://html/body/header/nav/div/div/ul[1]/li[3]/a'.</msg>
<status status="PASS" starttime="20200503 10:35:02.415" endtime="20200503 10:35:02.487"></status>
</kw>
<kw name="Input Text" library="SeleniumLibrary">
<doc>Types the given ``text`` into the text field identified by ``locator``.</doc>
<arguments>
<arg>xpath://*[@id="Input_Email"]</arg>
<arg>${USERNAME}</arg>
</arguments>
<msg timestamp="20200503 10:35:02.488" level="INFO">Typing text 'test1@mctest1.se' into text field 'xpath://*[@id="Input_Email"]'.</msg>
<status status="PASS" starttime="20200503 10:35:02.488" endtime="20200503 10:35:02.524"></status>
</kw>
<kw name="Input Text" library="SeleniumLibrary">
<doc>Types the given ``text`` into the text field identified by ``locator``.</doc>
<arguments>
<arg>xpath://*[@id="Input_Password"]</arg>
<arg>${PASSWORD}</arg>
</arguments>
<msg timestamp="20200503 10:35:02.525" level="INFO">Typing text 'Testyness@10' into text field 'xpath://*[@id="Input_Password"]'.</msg>
<status status="PASS" starttime="20200503 10:35:02.524" endtime="20200503 10:35:02.551"></status>
</kw>
<kw name="Click Element" library="SeleniumLibrary">
<doc>Click the element identified by ``locator``.</doc>
<arguments>
<arg>xpath://html/body/div/main/div/div[1]/section/form/div[5]/button</arg>
</arguments>
<msg timestamp="20200503 10:35:02.551" level="INFO">Clicking element 'xpath://html/body/div/main/div/div[1]/section/form/div[5]/button'.</msg>
<status status="PASS" starttime="20200503 10:35:02.551" endtime="20200503 10:35:02.632"></status>
</kw>
<kw name="Wait Until Page Contains" library="SeleniumLibrary">
<doc>Waits until ``text`` appears on the current page.</doc>
<arguments>
<arg>${USERNAME}</arg>
</arguments>
<status status="PASS" starttime="20200503 10:35:02.632" endtime="20200503 10:35:02.636"></status>
</kw>
<status status="PASS" starttime="20200503 10:35:02.411" endtime="20200503 10:35:02.636"></status>
</kw>
<kw name="Go to Ships page">
<kw name="Click Element" library="SeleniumLibrary">
<doc>Click the element identified by ``locator``.</doc>
<arguments>
<arg>xpath://html/body/header/nav/div/div/ul[2]/li[2]/a</arg>
</arguments>
<msg timestamp="20200503 10:35:02.637" level="INFO">Clicking element 'xpath://html/body/header/nav/div/div/ul[2]/li[2]/a'.</msg>
<status status="PASS" starttime="20200503 10:35:02.637" endtime="20200503 10:35:02.733"></status>
</kw>
<kw name="Wait Until Page Contains" library="SeleniumLibrary">
<doc>Waits until ``text`` appears on the current page.</doc>
<arguments>
<arg>Max. population</arg>
</arguments>
<status status="PASS" starttime="20200503 10:35:02.734" endtime="20200503 10:35:02.745"></status>
</kw>
<status status="PASS" starttime="20200503 10:35:02.637" endtime="20200503 10:35:02.745"></status>
</kw>
<kw name="Add ships to cart">
<kw name="Click Button" library="SeleniumLibrary">
<doc>Clicks the button identified by ``locator``.</doc>
<arguments>
<arg>xpath://html/body/div/main/table/tbody/tr[2]/td[6]/form/button</arg>
</arguments>
<msg timestamp="20200503 10:35:02.745" level="INFO">Clicking button 'xpath://html/body/div/main/table/tbody/tr[2]/td[6]/form/button'.</msg>
<status status="PASS" starttime="20200503 10:35:02.745" endtime="20200503 10:35:02.819"></status>
</kw>
<kw name="Click Button" library="SeleniumLibrary">
<doc>Clicks the button identified by ``locator``.</doc>
<arguments>
<arg>xpath://html/body/div/main/table/tbody/tr[4]/td[6]/form/button</arg>
</arguments>
<msg timestamp="20200503 10:35:02.820" level="INFO">Clicking button 'xpath://html/body/div/main/table/tbody/tr[4]/td[6]/form/button'.</msg>
<status status="PASS" starttime="20200503 10:35:02.819" endtime="20200503 10:35:02.888"></status>
</kw>
<status status="PASS" starttime="20200503 10:35:02.745" endtime="20200503 10:35:02.888"></status>
</kw>
<kw name="Go to cart">
<kw name="Click Element" library="SeleniumLibrary">
<doc>Click the element identified by ``locator``.</doc>
<arguments>
<arg>xpath://html/body/header/nav/div/div/ul[1]/li[1]/a</arg>
</arguments>
<msg timestamp="20200503 10:35:02.889" level="INFO">Clicking element 'xpath://html/body/header/nav/div/div/ul[1]/li[1]/a'.</msg>
<status status="PASS" starttime="20200503 10:35:02.888" endtime="20200503 10:35:02.951"></status>
</kw>
<kw name="Wait Until Page Contains" library="SeleniumLibrary">
<doc>Waits until ``text`` appears on the current page.</doc>
<arguments>
<arg>Death Star</arg>
</arguments>
<status status="PASS" starttime="20200503 10:35:02.952" endtime="20200503 10:35:02.957"></status>
</kw>
<kw name="Wait Until Page Contains" library="SeleniumLibrary">
<doc>Waits until ``text`` appears on the current page.</doc>
<arguments>
<arg>Star Destroyer</arg>
</arguments>
<status status="PASS" starttime="20200503 10:35:02.957" endtime="20200503 10:35:02.961"></status>
</kw>
<status status="PASS" starttime="20200503 10:35:02.888" endtime="20200503 10:35:02.962"></status>
</kw>
<kw name="Remove ship from cart">
<kw name="Click Button" library="SeleniumLibrary">
<doc>Clicks the button identified by ``locator``.</doc>
<arguments>
<arg>xpath://html/body/div/main/table/tbody/tr[2]/td[10]/form/button</arg>
</arguments>
<msg timestamp="20200503 10:35:02.962" level="INFO">Clicking button 'xpath://html/body/div/main/table/tbody/tr[2]/td[10]/form/button'.</msg>
<status status="PASS" starttime="20200503 10:35:02.962" endtime="20200503 10:35:03.022"></status>
</kw>
<kw name="Wait Until Page Does Not Contain" library="SeleniumLibrary">
<doc>Waits until ``text`` disappears from the current page.</doc>
<arguments>
<arg>Star Destroyer</arg>
</arguments>
<status status="PASS" starttime="20200503 10:35:03.022" endtime="20200503 10:35:03.026"></status>
</kw>
<status status="PASS" starttime="20200503 10:35:02.962" endtime="20200503 10:35:03.026"></status>
</kw>
<kw name="End Agile Project Test" type="teardown">
<kw name="Close Browser" library="SeleniumLibrary">
<doc>Closes the current browser.</doc>
<status status="PASS" starttime="20200503 10:35:03.027" endtime="20200503 10:35:03.740"></status>
</kw>
<status status="PASS" starttime="20200503 10:35:03.026" endtime="20200503 10:35:03.740"></status>
</kw>
<doc>Test: The user should be able to add and remove products from their cart, and reach said cart.</doc>
<tags>
<tag>Account</tag>
<tag>Add_Products</tag>
<tag>Shopping_Cart</tag>
</tags>
<status status="PASS" starttime="20200503 10:34:55.832" endtime="20200503 10:35:03.740" critical="yes"></status>
</test>
<test id="s1-s1-t8" name="User can see a vacation recommendation through NASA pictures">
<kw name="Begin Agile Project Page Test" type="setup">
<kw name="Open Browser" library="SeleniumLibrary">
<doc>Opens a new browser instance to the optional ``url``.</doc>
<arguments>
<arg>about:blank</arg>
<arg>${BROWSER}</arg>
</arguments>
<msg timestamp="20200503 10:35:03.741" level="INFO">Opening browser 'firefox' to base url 'about:blank'.</msg>
<msg timestamp="20200503 10:35:03.742" level="INFO">Firefox driver log is always forced to to: C:\Users\SpEEk0Desktop\PycharmProjects\JenkinsSourceRedact\Results\geckodriver-19.log</msg>
<status status="PASS" starttime="20200503 10:35:03.741" endtime="20200503 10:35:08.842"></status>
</kw>
<status status="PASS" starttime="20200503 10:35:03.741" endtime="20200503 10:35:08.842"></status>
</kw>
<kw name="Go to Web Page">
<kw name="Go To" library="SeleniumLibrary">
<doc>Navigates the current browser window to the provided ``url``.</doc>
<arguments>
<arg>${URL}</arg>
</arguments>
<msg timestamp="20200503 10:35:08.843" level="INFO">Opening url 'https://localhost:44353'</msg>
<status status="PASS" starttime="20200503 10:35:08.843" endtime="20200503 10:35:10.447"></status>
</kw>
<kw name="Wait Until Page Contains" library="SeleniumLibrary">
<doc>Waits until ``text`` appears on the current page.</doc>
<arguments>
<arg>${SEARCH_TERM}</arg>
</arguments>
<status status="PASS" starttime="20200503 10:35:10.447" endtime="20200503 10:35:10.452"></status>
</kw>
<status status="PASS" starttime="20200503 10:35:08.843" endtime="20200503 10:35:10.452"></status>
</kw>
<kw name="See if picture and text regarding vacation exists">
<kw name="Wait Until Page Contains" library="SeleniumLibrary">
<doc>Waits until ``text`` appears on the current page.</doc>
<arguments>
<arg>NASA's Daily Recommended Tourist Location</arg>
</arguments>
<status status="PASS" starttime="20200503 10:35:10.452" endtime="20200503 10:35:10.458"></status>
</kw>
<kw name="Wait Until Page Contains Element" library="SeleniumLibrary">
<doc>Waits until the element ``locator`` appears on the current page.</doc>
<arguments>
<arg>xpath://html/body/div/main/div[2]/img</arg>
</arguments>
<status status="PASS" starttime="20200503 10:35:10.459" endtime="20200503 10:35:10.461"></status>
</kw>
<kw name="Wait Until Page Contains Element" library="SeleniumLibrary">
<doc>Waits until the element ``locator`` appears on the current page.</doc>
<arguments>
<arg>xpath://html/body/div/main/div[2]/p</arg>
</arguments>
<status status="PASS" starttime="20200503 10:35:10.461" endtime="20200503 10:35:10.463"></status>
</kw>
<kw name="Element Should Be Visible" library="SeleniumLibrary">
<doc>Verifies that the element identified by ``locator`` is visible.</doc>
<arguments>
<arg>xpath://html/body/div/main/div[2]/img</arg>
</arguments>
<msg timestamp="20200503 10:35:10.478" level="INFO">Element 'xpath://html/body/div/main/div[2]/img' is displayed.</msg>
<status status="PASS" starttime="20200503 10:35:10.464" endtime="20200503 10:35:10.478"></status>
</kw>
<kw name="Element Should Be Visible" library="SeleniumLibrary">
<doc>Verifies that the element identified by ``locator`` is visible.</doc>
<arguments>
<arg>xpath://html/body/div/main/div[2]/p</arg>
</arguments>
<msg timestamp="20200503 10:35:10.492" level="INFO">Element 'xpath://html/body/div/main/div[2]/p' is displayed.</msg>
<status status="PASS" starttime="20200503 10:35:10.478" endtime="20200503 10:35:10.492"></status>
</kw>
<status status="PASS" starttime="20200503 10:35:10.452" endtime="20200503 10:35:10.492"></status>
</kw>
<kw name="End Agile Project Test" type="teardown">
<kw name="Close Browser" library="SeleniumLibrary">
<doc>Closes the current browser.</doc>
<status status="PASS" starttime="20200503 10:35:10.492" endtime="20200503 10:35:11.176"></status>
</kw>
<status status="PASS" starttime="20200503 10:35:10.492" endtime="20200503 10:35:11.176"></status>
</kw>
<doc>Test: The user should be able to see a picture and some text regarding places on earth and/or in space to visit for vacation while renting a ship.</doc>
<tags>
<tag>Home_Page</tag>
<tag>NASA</tag>
<tag>Vacation</tag>
</tags>
<status status="PASS" starttime="20200503 10:35:03.741" endtime="20200503 10:35:11.176" critical="yes"></status>
</test>
<test id="s1-s1-t9" name="User should see a different vacation recommendation every day">
<kw name="Begin Agile Project Page Test" type="setup">
<kw name="Open Browser" library="SeleniumLibrary">
<doc>Opens a new browser instance to the optional ``url``.</doc>
<arguments>
<arg>about:blank</arg>
<arg>${BROWSER}</arg>
</arguments>
<msg timestamp="20200503 10:35:11.177" level="INFO">Opening browser 'firefox' to base url 'about:blank'.</msg>
<msg timestamp="20200503 10:35:11.178" level="INFO">Firefox driver log is always forced to to: C:\Users\SpEEk0Desktop\PycharmProjects\JenkinsSourceRedact\Results\geckodriver-20.log</msg>
<status status="PASS" starttime="20200503 10:35:11.177" endtime="20200503 10:35:16.285"></status>
</kw>
<status status="PASS" starttime="20200503 10:35:11.177" endtime="20200503 10:35:16.285"></status>
</kw>
<kw name="Go to Web Page">
<kw name="Go To" library="SeleniumLibrary">
<doc>Navigates the current browser window to the provided ``url``.</doc>
<arguments>
<arg>${URL}</arg>
</arguments>
<msg timestamp="20200503 10:35:16.285" level="INFO">Opening url 'https://localhost:44353'</msg>
<status status="PASS" starttime="20200503 10:35:16.285" endtime="20200503 10:35:18.466"></status>
</kw>
<kw name="Wait Until Page Contains" library="SeleniumLibrary">
<doc>Waits until ``text`` appears on the current page.</doc>
<arguments>
<arg>${SEARCH_TERM}</arg>
</arguments>
<status status="PASS" starttime="20200503 10:35:18.467" endtime="20200503 10:35:18.474"></status>
</kw>
<status status="PASS" starttime="20200503 10:35:16.285" endtime="20200503 10:35:18.474"></status>
</kw>
<kw name="See if a new picture and text regarding vacation exists another day">
<kw name="Wait Until Page Contains" library="SeleniumLibrary">
<doc>Waits until ``text`` appears on the current page.</doc>
<arguments>
<arg>NASA's Daily Recommended Tourist Location</arg>
</arguments>
<status status="PASS" starttime="20200503 10:35:18.474" endtime="20200503 10:35:18.477"></status>
</kw>
<kw name="Wait Until Page Does Not Contain" library="SeleniumLibrary">
<doc>Waits until ``text`` disappears from the current page.</doc>
<arguments>
<arg>Radio, The Big Ear, and the Wow! Signal</arg>
</arguments>
<status status="PASS" starttime="20200503 10:35:18.478" endtime="20200503 10:35:18.480"></status>
</kw>
<status status="PASS" starttime="20200503 10:35:18.474" endtime="20200503 10:35:18.480"></status>
</kw>
<kw name="End Agile Project Test" type="teardown">
<kw name="Close Browser" library="SeleniumLibrary">
<doc>Closes the current browser.</doc>
<status status="PASS" starttime="20200503 10:35:18.480" endtime="20200503 10:35:19.194"></status>
</kw>
<status status="PASS" starttime="20200503 10:35:18.480" endtime="20200503 10:35:19.194"></status>
</kw>
<doc>Test: The user should be able to see a different picture and text, regarding places on earth and/or in space to visit for vacation while renting a ship, each new day. Depends on external website, change test manually each time the test is run on a new day.</doc>
<tags>
<tag>Home_Page</tag>
<tag>NASA</tag>
<tag>New</tag>
<tag>Vacation</tag>
</tags>
<status status="PASS" starttime="20200503 10:35:11.176" endtime="20200503 10:35:19.194" critical="yes"></status>
</test>
<test id="s1-s1-t10" name="User should be able to add a phonenumber at registration or add/change phonenumber after registration">
<kw name="Begin Agile Project Page Test" type="setup">
<kw name="Open Browser" library="SeleniumLibrary">
<doc>Opens a new browser instance to the optional ``url``.</doc>
<arguments>
<arg>about:blank</arg>
<arg>${BROWSER}</arg>
</arguments>
<msg timestamp="20200503 10:35:19.195" level="INFO">Opening browser 'firefox' to base url 'about:blank'.</msg>
<msg timestamp="20200503 10:35:19.196" level="INFO">Firefox driver log is always forced to to: C:\Users\SpEEk0Desktop\PycharmProjects\JenkinsSourceRedact\Results\geckodriver-21.log</msg>
<status status="PASS" starttime="20200503 10:35:19.195" endtime="20200503 10:35:24.305"></status>
</kw>
<status status="PASS" starttime="20200503 10:35:19.195" endtime="20200503 10:35:24.305"></status>
</kw>
<kw name="Go to Web Page">
<kw name="Go To" library="SeleniumLibrary">
<doc>Navigates the current browser window to the provided ``url``.</doc>
<arguments>
<arg>${URL}</arg>
</arguments>
<msg timestamp="20200503 10:35:24.306" level="INFO">Opening url 'https://localhost:44353'</msg>
<status status="PASS" starttime="20200503 10:35:24.305" endtime="20200503 10:35:26.245"></status>
</kw>
<kw name="Wait Until Page Contains" library="SeleniumLibrary">
<doc>Waits until ``text`` appears on the current page.</doc>
<arguments>
<arg>${SEARCH_TERM}</arg>
</arguments>
<status status="PASS" starttime="20200503 10:35:26.245" endtime="20200503 10:35:26.251"></status>
</kw>
<status status="PASS" starttime="20200503 10:35:24.305" endtime="20200503 10:35:26.251"></status>
</kw>
<kw name="Generate Email">
<kw name="Generate Random String" library="String">
<doc>Generates a string with a desired ``length`` from the given ``chars``.</doc>
<arguments>
<arg>6</arg>
<arg>[NUMBERS]abcdef</arg>
</arguments>
<assign>
<var>${RANDOMSTRING}</var>
</assign>
<msg timestamp="20200503 10:35:26.251" level="INFO">${RANDOMSTRING} = f43e6a</msg>
<status status="PASS" starttime="20200503 10:35:26.251" endtime="20200503 10:35:26.251"></status>
</kw>
<kw name="Set Global Variable" library="BuiltIn">
<doc>Makes a variable available globally in all tests and suites.</doc>
<arguments>
<arg>${RANDOMSTRING}</arg>
</arguments>
<msg timestamp="20200503 10:35:26.251" level="INFO">${RANDOMSTRING} = f43e6a</msg>
<status status="PASS" starttime="20200503 10:35:26.251" endtime="20200503 10:35:26.251"></status>
</kw>
<status status="PASS" starttime="20200503 10:35:26.251" endtime="20200503 10:35:26.251"></status>
</kw>
<kw name="Register an account">
<kw name="Click Element" library="SeleniumLibrary">
<doc>Click the element identified by ``locator``.</doc>
<arguments>
<arg>xpath://html/body/header/nav/div/div/ul[1]/li[2]/a</arg>
</arguments>
<msg timestamp="20200503 10:35:26.252" level="INFO">Clicking element 'xpath://html/body/header/nav/div/div/ul[1]/li[2]/a'.</msg>
<status status="PASS" starttime="20200503 10:35:26.252" endtime="20200503 10:35:26.320"></status>
</kw>
<kw name="Wait Until Page Contains" library="SeleniumLibrary">
<doc>Waits until ``text`` appears on the current page.</doc>
<arguments>
<arg>Create a new account</arg>
</arguments>
<status status="PASS" starttime="20200503 10:35:26.320" endtime="20200503 10:35:26.331"></status>
</kw>
<kw name="Wait Until Element Is Visible" library="SeleniumLibrary">
<doc>Waits until the element ``locator`` is visible.</doc>
<arguments>
<arg>xpath://*[@id="Input_Email"]</arg>
</arguments>
<status status="PASS" starttime="20200503 10:35:26.331" endtime="20200503 10:35:26.349"></status>
</kw>
<kw name="Input Text" library="SeleniumLibrary">
<doc>Types the given ``text`` into the text field identified by ``locator``.</doc>
<arguments>
<arg>xpath://*[@id="Input_Email"]</arg>
<arg>${RANDOMSTRING}@email.com</arg>
</arguments>
<msg timestamp="20200503 10:35:26.349" level="INFO">Typing text 'f43e6a@email.com' into text field 'xpath://*[@id="Input_Email"]'.</msg>
<status status="PASS" starttime="20200503 10:35:26.349" endtime="20200503 10:35:26.382"></status>
</kw>
<kw name="Input Text" library="SeleniumLibrary">
<doc>Types the given ``text`` into the text field identified by ``locator``.</doc>
<arguments>
<arg>xpath://*[@id="Input_PhoneNumber"]</arg>
<arg>0731234567</arg>
</arguments>
<msg timestamp="20200503 10:35:26.382" level="INFO">Typing text '0731234567' into text field 'xpath://*[@id="Input_PhoneNumber"]'.</msg>
<status status="PASS" starttime="20200503 10:35:26.382" endtime="20200503 10:35:26.407"></status>
</kw>
<kw name="Input Text" library="SeleniumLibrary">
<doc>Types the given ``text`` into the text field identified by ``locator``.</doc>
<arguments>
<arg>xpath://*[@id="Input_Password"]</arg>
<arg>${PASSWORD}</arg>
</arguments>
<msg timestamp="20200503 10:35:26.407" level="INFO">Typing text 'Testyness@10' into text field 'xpath://*[@id="Input_Password"]'.</msg>
<status status="PASS" starttime="20200503 10:35:26.407" endtime="20200503 10:35:26.426"></status>
</kw>
<kw name="Input Text" library="SeleniumLibrary">
<doc>Types the given ``text`` into the text field identified by ``locator``.</doc>
<arguments>
<arg>xpath://*[@id="Input_ConfirmPassword"]</arg>
<arg>${PASSWORD}</arg>
</arguments>
<msg timestamp="20200503 10:35:26.426" level="INFO">Typing text 'Testyness@10' into text field 'xpath://*[@id="Input_ConfirmPassword"]'.</msg>
<status status="PASS" starttime="20200503 10:35:26.426" endtime="20200503 10:35:26.444"></status>
</kw>
<kw name="Click Element" library="SeleniumLibrary">
<doc>Click the element identified by ``locator``.</doc>
<arguments>
<arg>xpath://html/body/div/main/div/div[1]/form/button</arg>
</arguments>
<msg timestamp="20200503 10:35:26.444" level="INFO">Clicking element 'xpath://html/body/div/main/div/div[1]/form/button'.</msg>
<status status="PASS" starttime="20200503 10:35:26.444" endtime="20200503 10:35:27.082"></status>
</kw>
<kw name="Wait Until Page Contains" library="SeleniumLibrary">
<doc>Waits until ``text`` appears on the current page.</doc>
<arguments>
<arg>Register confirmation</arg>
</arguments>
<status status="PASS" starttime="20200503 10:35:27.082" endtime="20200503 10:35:27.086"></status>
</kw>
<kw name="Click Element" library="SeleniumLibrary">
<doc>Click the element identified by ``locator``.</doc>
<arguments>
<arg>xpath://*[@id="confirm-link"]</arg>
</arguments>
<msg timestamp="20200503 10:35:27.086" level="INFO">Clicking element 'xpath://*[@id="confirm-link"]'.</msg>
<status status="PASS" starttime="20200503 10:35:27.086" endtime="20200503 10:35:27.153"></status>
</kw>
<kw name="Wait Until Page Contains" library="SeleniumLibrary">
<doc>Waits until ``text`` appears on the current page.</doc>
<arguments>
<arg>Thank you for confirming your email</arg>
</arguments>
<status status="PASS" starttime="20200503 10:35:27.154" endtime="20200503 10:35:27.159"></status>
</kw>
<status status="PASS" starttime="20200503 10:35:26.252" endtime="20200503 10:35:27.159"></status>
</kw>
<kw name="Generate Phonenumber">
<kw name="Generate Random String" library="String">
<doc>Generates a string with a desired ``length`` from the given ``chars``.</doc>
<arguments>
<arg>7</arg>
<arg>[NUMBERS]</arg>
</arguments>
<assign>
<var>${PHONENUMBER}</var>
</assign>
<msg timestamp="20200503 10:35:27.159" level="INFO">${PHONENUMBER} = 5596310</msg>
<status status="PASS" starttime="20200503 10:35:27.159" endtime="20200503 10:35:27.159"></status>
</kw>
<kw name="Set Global Variable" library="BuiltIn">
<doc>Makes a variable available globally in all tests and suites.</doc>
<arguments>
<arg>${PHONENUMBER}</arg>
</arguments>
<msg timestamp="20200503 10:35:27.160" level="INFO">${PHONENUMBER} = 5596310</msg>
<status status="PASS" starttime="20200503 10:35:27.159" endtime="20200503 10:35:27.160"></status>
</kw>
<status status="PASS" starttime="20200503 10:35:27.159" endtime="20200503 10:35:27.160"></status>
</kw>
<kw name="Login to account">
<kw name="Wait Until Page Contains" library="SeleniumLibrary">
<doc>Waits until ``text`` appears on the current page.</doc>
<arguments>
<arg>Login</arg>
</arguments>
<status status="PASS" starttime="20200503 10:35:27.160" endtime="20200503 10:35:27.165"></status>
</kw>
<kw name="Click Element" library="SeleniumLibrary">
<doc>Click the element identified by ``locator``.</doc>
<arguments>
<arg>xpath://html/body/header/nav/div/div/ul[1]/li[3]/a</arg>
</arguments>
<msg timestamp="20200503 10:35:27.166" level="INFO">Clicking element 'xpath://html/body/header/nav/div/div/ul[1]/li[3]/a'.</msg>
<status status="PASS" starttime="20200503 10:35:27.165" endtime="20200503 10:35:27.222"></status>
</kw>
<kw name="Input Text" library="SeleniumLibrary">
<doc>Types the given ``text`` into the text field identified by ``locator``.</doc>
<arguments>
<arg>xpath://*[@id="Input_Email"]</arg>
<arg>${USERNAME}</arg>
</arguments>
<msg timestamp="20200503 10:35:27.223" level="INFO">Typing text 'test1@mctest1.se' into text field 'xpath://*[@id="Input_Email"]'.</msg>
<status status="PASS" starttime="20200503 10:35:27.223" endtime="20200503 10:35:27.253"></status>
</kw>
<kw name="Input Text" library="SeleniumLibrary">
<doc>Types the given ``text`` into the text field identified by ``locator``.</doc>
<arguments>
<arg>xpath://*[@id="Input_Password"]</arg>
<arg>${PASSWORD}</arg>
</arguments>
<msg timestamp="20200503 10:35:27.254" level="INFO">Typing text 'Testyness@10' into text field 'xpath://*[@id="Input_Password"]'.</msg>
<status status="PASS" starttime="20200503 10:35:27.253" endtime="20200503 10:35:27.279"></status>
</kw>
<kw name="Click Element" library="SeleniumLibrary">
<doc>Click the element identified by ``locator``.</doc>
<arguments>
<arg>xpath://html/body/div/main/div/div[1]/section/form/div[5]/button</arg>
</arguments>
<msg timestamp="20200503 10:35:27.279" level="INFO">Clicking element 'xpath://html/body/div/main/div/div[1]/section/form/div[5]/button'.</msg>
<status status="PASS" starttime="20200503 10:35:27.279" endtime="20200503 10:35:27.357"></status>
</kw>
<kw name="Wait Until Page Contains" library="SeleniumLibrary">
<doc>Waits until ``text`` appears on the current page.</doc>
<arguments>
<arg>${USERNAME}</arg>
</arguments>
<status status="PASS" starttime="20200503 10:35:27.357" endtime="20200503 10:35:27.364"></status>
</kw>
<status status="PASS" starttime="20200503 10:35:27.160" endtime="20200503 10:35:27.364"></status>
</kw>
<kw name="Go to profile and change phone number">
<kw name="Click Element" library="SeleniumLibrary">
<doc>Click the element identified by ``locator``.</doc>
<arguments>
<arg>xpath://html/body/header/nav/div/div/ul[1]/li[2]/a</arg>
</arguments>
<msg timestamp="20200503 10:35:27.364" level="INFO">Clicking element 'xpath://html/body/header/nav/div/div/ul[1]/li[2]/a'.</msg>
<status status="PASS" starttime="20200503 10:35:27.364" endtime="20200503 10:35:27.446"></status>
</kw>
<kw name="Wait Until Page Contains" library="SeleniumLibrary">
<doc>Waits until ``text`` appears on the current page.</doc>
<arguments>
<arg>Manage your account</arg>
</arguments>
<status status="PASS" starttime="20200503 10:35:27.446" endtime="20200503 10:35:27.451"></status>
</kw>
<kw name="Input Text" library="SeleniumLibrary">
<doc>Types the given ``text`` into the text field identified by ``locator``.</doc>
<arguments>
<arg>xpath://*[@id="Input_PhoneNumber"]</arg>
<arg>073${PHONENUMBER}</arg>
<arg>True</arg>
</arguments>
<msg timestamp="20200503 10:35:27.452" level="INFO">Typing text '0735596310' into text field 'xpath://*[@id="Input_PhoneNumber"]'.</msg>
<status status="PASS" starttime="20200503 10:35:27.451" endtime="20200503 10:35:27.482"></status>
</kw>
<kw name="Click Button" library="SeleniumLibrary">
<doc>Clicks the button identified by ``locator``.</doc>
<arguments>
<arg>xpath://*[@id="update-profile-button"]</arg>
</arguments>
<msg timestamp="20200503 10:35:27.482" level="INFO">Clicking button 'xpath://*[@id="update-profile-button"]'.</msg>
<status status="PASS" starttime="20200503 10:35:27.482" endtime="20200503 10:35:27.933"></status>
</kw>
<kw name="Wait Until Page Contains" library="SeleniumLibrary">
<doc>Waits until ``text`` appears on the current page.</doc>
<arguments>
<arg>Your profile has been updated</arg>
</arguments>
<status status="PASS" starttime="20200503 10:35:27.933" endtime="20200503 10:35:27.939"></status>
</kw>
<status status="PASS" starttime="20200503 10:35:27.364" endtime="20200503 10:35:27.940"></status>
</kw>
<kw name="End Agile Project Test" type="teardown">
<kw name="Close Browser" library="SeleniumLibrary">
<doc>Closes the current browser.</doc>
<status status="PASS" starttime="20200503 10:35:27.940" endtime="20200503 10:35:28.630"></status>
</kw>
<status status="PASS" starttime="20200503 10:35:27.940" endtime="20200503 10:35:28.630"></status>
</kw>
<doc>Test: The user should be able to add their phonenumber for ease of contact with support staff, at registration of their account or after due to an older version of the website not containing phone numbers or if the user needs to change their number.</doc>
<tags>
<tag>Account</tag>
<tag>Phone_Number</tag>
</tags>
<status status="PASS" starttime="20200503 10:35:19.195" endtime="20200503 10:35:28.630" critical="yes"></status>
</test>
<test id="s1-s1-t11" name="User should not be able to add a phonenumber at registration or add/change phonenumber after registration with invalid phonenumber formats">
<kw name="Begin Agile Project Page Test" type="setup">
<kw name="Open Browser" library="SeleniumLibrary">
<doc>Opens a new browser instance to the optional ``url``.</doc>
<arguments>
<arg>about:blank</arg>
<arg>${BROWSER}</arg>
</arguments>
<msg timestamp="20200503 10:35:28.632" level="INFO">Opening browser 'firefox' to base url 'about:blank'.</msg>
<msg timestamp="20200503 10:35:28.633" level="INFO">Firefox driver log is always forced to to: C:\Users\SpEEk0Desktop\PycharmProjects\JenkinsSourceRedact\Results\geckodriver-22.log</msg>
<status status="PASS" starttime="20200503 10:35:28.631" endtime="20200503 10:35:33.732"></status>
</kw>
<status status="PASS" starttime="20200503 10:35:28.631" endtime="20200503 10:35:33.732"></status>
</kw>
<kw name="Go to Web Page">
<kw name="Go To" library="SeleniumLibrary">
<doc>Navigates the current browser window to the provided ``url``.</doc>
<arguments>
<arg>${URL}</arg>
</arguments>
<msg timestamp="20200503 10:35:33.733" level="INFO">Opening url 'https://localhost:44353'</msg>
<status status="PASS" starttime="20200503 10:35:33.733" endtime="20200503 10:35:35.563"></status>
</kw>
<kw name="Wait Until Page Contains" library="SeleniumLibrary">
<doc>Waits until ``text`` appears on the current page.</doc>
<arguments>
<arg>${SEARCH_TERM}</arg>
</arguments>
<status status="PASS" starttime="20200503 10:35:35.563" endtime="20200503 10:35:35.568"></status>
</kw>
<status status="PASS" starttime="20200503 10:35:33.733" endtime="20200503 10:35:35.568"></status>
</kw>
<kw name="Generate Email">
<kw name="Generate Random String" library="String">
<doc>Generates a string with a desired ``length`` from the given ``chars``.</doc>
<arguments>
<arg>6</arg>
<arg>[NUMBERS]abcdef</arg>
</arguments>
<assign>
<var>${RANDOMSTRING}</var>
</assign>
<msg timestamp="20200503 10:35:35.569" level="INFO">${RANDOMSTRING} = f14793</msg>
<status status="PASS" starttime="20200503 10:35:35.569" endtime="20200503 10:35:35.569"></status>
</kw>
<kw name="Set Global Variable" library="BuiltIn">
<doc>Makes a variable available globally in all tests and suites.</doc>
<arguments>
<arg>${RANDOMSTRING}</arg>
</arguments>
<msg timestamp="20200503 10:35:35.569" level="INFO">${RANDOMSTRING} = f14793</msg>
<status status="PASS" starttime="20200503 10:35:35.569" endtime="20200503 10:35:35.569"></status>
</kw>
<status status="PASS" starttime="20200503 10:35:35.569" endtime="20200503 10:35:35.569"></status>
</kw>
<kw name="Register an account with invalid phonenumber format">
<kw name="Click Element" library="SeleniumLibrary">
<doc>Click the element identified by ``locator``.</doc>
<arguments>
<arg>xpath://html/body/header/nav/div/div/ul[1]/li[2]/a</arg>
</arguments>
<msg timestamp="20200503 10:35:35.570" level="INFO">Clicking element 'xpath://html/body/header/nav/div/div/ul[1]/li[2]/a'.</msg>
<status status="PASS" starttime="20200503 10:35:35.570" endtime="20200503 10:35:35.638"></status>
</kw>
<kw name="Wait Until Page Contains" library="SeleniumLibrary">
<doc>Waits until ``text`` appears on the current page.</doc>
<arguments>
<arg>Create a new account</arg>
</arguments>
<status status="PASS" starttime="20200503 10:35:35.638" endtime="20200503 10:35:35.649"></status>
</kw>
<kw name="Wait Until Element Is Visible" library="SeleniumLibrary">
<doc>Waits until the element ``locator`` is visible.</doc>
<arguments>
<arg>xpath://*[@id="Input_Email"]</arg>
</arguments>
<status status="PASS" starttime="20200503 10:35:35.649" endtime="20200503 10:35:35.667"></status>
</kw>
<kw name="Input Text" library="SeleniumLibrary">
<doc>Types the given ``text`` into the text field identified by ``locator``.</doc>
<arguments>
<arg>xpath://*[@id="Input_Email"]</arg>
<arg>${RANDOMSTRING}@email.com</arg>
</arguments>
<msg timestamp="20200503 10:35:35.667" level="INFO">Typing text 'f14793@email.com' into text field 'xpath://*[@id="Input_Email"]'.</msg>
<status status="PASS" starttime="20200503 10:35:35.667" endtime="20200503 10:35:35.696"></status>
</kw>
<kw name="Input Text" library="SeleniumLibrary">
<doc>Types the given ``text`` into the text field identified by ``locator``.</doc>
<arguments>
<arg>xpath://*[@id="Input_PhoneNumber"]</arg>
<arg>999999999999</arg>
</arguments>
<msg timestamp="20200503 10:35:35.697" level="INFO">Typing text '999999999999' into text field 'xpath://*[@id="Input_PhoneNumber"]'.</msg>
<status status="PASS" starttime="20200503 10:35:35.696" endtime="20200503 10:35:35.723"></status>
</kw>
<kw name="Input Text" library="SeleniumLibrary">
<doc>Types the given ``text`` into the text field identified by ``locator``.</doc>
<arguments>
<arg>xpath://*[@id="Input_Password"]</arg>
<arg>${PASSWORD}</arg>
</arguments>
<msg timestamp="20200503 10:35:35.724" level="INFO">Typing text 'Testyness@10' into text field 'xpath://*[@id="Input_Password"]'.</msg>
<status status="PASS" starttime="20200503 10:35:35.723" endtime="20200503 10:35:35.742"></status>
</kw>
<kw name="Input Text" library="SeleniumLibrary">
<doc>Types the given ``text`` into the text field identified by ``locator``.</doc>
<arguments>
<arg>xpath://*[@id="Input_ConfirmPassword"]</arg>
<arg>${PASSWORD}</arg>
</arguments>
<msg timestamp="20200503 10:35:35.742" level="INFO">Typing text 'Testyness@10' into text field 'xpath://*[@id="Input_ConfirmPassword"]'.</msg>
<status status="PASS" starttime="20200503 10:35:35.742" endtime="20200503 10:35:35.759"></status>
</kw>
<kw name="Click Element" library="SeleniumLibrary">
<doc>Click the element identified by ``locator``.</doc>
<arguments>
<arg>xpath://html/body/div/main/div/div[1]/form/button</arg>
</arguments>
<msg timestamp="20200503 10:35:35.759" level="INFO">Clicking element 'xpath://html/body/div/main/div/div[1]/form/button'.</msg>
<status status="PASS" starttime="20200503 10:35:35.759" endtime="20200503 10:35:36.027"></status>
</kw>
<kw name="Wait Until Page Contains" library="SeleniumLibrary">
<doc>Waits until ``text`` appears on the current page.</doc>
<arguments>
<arg>is not valid for Phone Number</arg>
</arguments>
<status status="PASS" starttime="20200503 10:35:36.027" endtime="20200503 10:35:36.035"></status>
</kw>
<kw name="Page Should Not Contain" library="SeleniumLibrary">
<doc>Verifies the current page does not contain ``text``.</doc>
<arguments>
<arg>Register confirmation</arg>
</arguments>
<msg timestamp="20200503 10:35:36.046" level="INFO">Current page does not contain text 'Register confirmation'.</msg>
<status status="PASS" starttime="20200503 10:35:36.035" endtime="20200503 10:35:36.046"></status>
</kw>
<status status="PASS" starttime="20200503 10:35:35.569" endtime="20200503 10:35:36.046"></status>
</kw>
<kw name="Login to account">
<kw name="Wait Until Page Contains" library="SeleniumLibrary">
<doc>Waits until ``text`` appears on the current page.</doc>
<arguments>
<arg>Login</arg>
</arguments>
<status status="PASS" starttime="20200503 10:35:36.046" endtime="20200503 10:35:36.049"></status>
</kw>
<kw name="Click Element" library="SeleniumLibrary">
<doc>Click the element identified by ``locator``.</doc>
<arguments>
<arg>xpath://html/body/header/nav/div/div/ul[1]/li[3]/a</arg>
</arguments>
<msg timestamp="20200503 10:35:36.049" level="INFO">Clicking element 'xpath://html/body/header/nav/div/div/ul[1]/li[3]/a'.</msg>
<status status="PASS" starttime="20200503 10:35:36.049" endtime="20200503 10:35:36.106"></status>
</kw>
<kw name="Input Text" library="SeleniumLibrary">
<doc>Types the given ``text`` into the text field identified by ``locator``.</doc>
<arguments>
<arg>xpath://*[@id="Input_Email"]</arg>
<arg>${USERNAME}</arg>
</arguments>
<msg timestamp="20200503 10:35:36.106" level="INFO">Typing text 'test1@mctest1.se' into text field 'xpath://*[@id="Input_Email"]'.</msg>
<status status="PASS" starttime="20200503 10:35:36.106" endtime="20200503 10:35:36.140"></status>
</kw>
<kw name="Input Text" library="SeleniumLibrary">
<doc>Types the given ``text`` into the text field identified by ``locator``.</doc>
<arguments>
<arg>xpath://*[@id="Input_Password"]</arg>
<arg>${PASSWORD}</arg>
</arguments>
<msg timestamp="20200503 10:35:36.141" level="INFO">Typing text 'Testyness@10' into text field 'xpath://*[@id="Input_Password"]'.</msg>
<status status="PASS" starttime="20200503 10:35:36.141" endtime="20200503 10:35:36.166"></status>
</kw>
<kw name="Click Element" library="SeleniumLibrary">
<doc>Click the element identified by ``locator``.</doc>
<arguments>
<arg>xpath://html/body/div/main/div/div[1]/section/form/div[5]/button</arg>
</arguments>
<msg timestamp="20200503 10:35:36.166" level="INFO">Clicking element 'xpath://html/body/div/main/div/div[1]/section/form/div[5]/button'.</msg>
<status status="PASS" starttime="20200503 10:35:36.166" endtime="20200503 10:35:36.239"></status>
</kw>
<kw name="Wait Until Page Contains" library="SeleniumLibrary">
<doc>Waits until ``text`` appears on the current page.</doc>
<arguments>
<arg>${USERNAME}</arg>
</arguments>
<status status="PASS" starttime="20200503 10:35:36.240" endtime="20200503 10:35:36.246"></status>
</kw>
<status status="PASS" starttime="20200503 10:35:36.046" endtime="20200503 10:35:36.246"></status>
</kw>
<kw name="Go to profile and change phone number with invalid phonenumber formats">
<kw name="Click Element" library="SeleniumLibrary">
<doc>Click the element identified by ``locator``.</doc>
<arguments>
<arg>xpath://html/body/header/nav/div/div/ul[1]/li[2]/a</arg>
</arguments>
<msg timestamp="20200503 10:35:36.246" level="INFO">Clicking element 'xpath://html/body/header/nav/div/div/ul[1]/li[2]/a'.</msg>
<status status="PASS" starttime="20200503 10:35:36.246" endtime="20200503 10:35:36.326"></status>
</kw>
<kw name="Wait Until Page Contains" library="SeleniumLibrary">
<doc>Waits until ``text`` appears on the current page.</doc>
<arguments>
<arg>Manage your account</arg>
</arguments>
<status status="PASS" starttime="20200503 10:35:36.326" endtime="20200503 10:35:36.336"></status>
</kw>
<kw name="Input Text" library="SeleniumLibrary">
<doc>Types the given ``text`` into the text field identified by ``locator``.</doc>
<arguments>
<arg>xpath://*[@id="Input_PhoneNumber"]</arg>
<arg>999999999999</arg>
<arg>True</arg>
</arguments>
<msg timestamp="20200503 10:35:36.336" level="INFO">Typing text '999999999999' into text field 'xpath://*[@id="Input_PhoneNumber"]'.</msg>
<status status="PASS" starttime="20200503 10:35:36.336" endtime="20200503 10:35:36.371"></status>
</kw>
<kw name="Click Button" library="SeleniumLibrary">
<doc>Clicks the button identified by ``locator``.</doc>
<arguments>
<arg>xpath://*[@id="update-profile-button"]</arg>
</arguments>
<msg timestamp="20200503 10:35:36.371" level="INFO">Clicking button 'xpath://*[@id="update-profile-button"]'.</msg>
<status status="PASS" starttime="20200503 10:35:36.371" endtime="20200503 10:35:36.474"></status>
</kw>
<kw name="Wait Until Page Contains" library="SeleniumLibrary">
<doc>Waits until ``text`` appears on the current page.</doc>
<arguments>
<arg>Invalid phone number</arg>
</arguments>
<status status="PASS" starttime="20200503 10:35:36.474" endtime="20200503 10:35:36.483"></status>
</kw>
<status status="PASS" starttime="20200503 10:35:36.246" endtime="20200503 10:35:36.483"></status>
</kw>
<kw name="End Agile Project Test" type="teardown">
<kw name="Close Browser" library="SeleniumLibrary">
<doc>Closes the current browser.</doc>
<status status="PASS" starttime="20200503 10:35:36.483" endtime="20200503 10:35:37.188"></status>
</kw>
<status status="PASS" starttime="20200503 10:35:36.483" endtime="20200503 10:35:37.188"></status>
</kw>
<doc>Test: The user should not be able to add their phonenumber at registration of their account or after in their profile if they use invalid phonenumber formats.</doc>
<tags>
<tag>Account</tag>
<tag>Phone_Number</tag>
</tags>
<status status="PASS" starttime="20200503 10:35:28.631" endtime="20200503 10:35:37.188" critical="yes"></status>
</test>
<doc>This is a test suite around an agile projects website made with Razor Pages.</doc>
<status status="PASS" starttime="20200503 10:34:09.722" endtime="20200503 10:35:37.189"></status>
</suite>
<status status="PASS" starttime="20200503 10:34:09.704" endtime="20200503 10:35:37.193"></status>
</suite>
<statistics>
<total>
<stat pass="11" fail="0">Critical Tests</stat>
<stat pass="11" fail="0">All Tests</stat>
</total>
<tag>
<stat pass="1" fail="0">Access</stat>
<stat pass="7" fail="0">Account</stat>
<stat pass="1" fail="0">Add_Products</stat>
<stat pass="1" fail="0">Header</stat>
<stat pass="2" fail="0">Home_Page</stat>
<stat pass="1" fail="0">Login</stat>
<stat pass="1" fail="0">Logout</stat>
<stat pass="2" fail="0">NASA</stat>
<stat pass="1" fail="0">New</stat>
<stat pass="1" fail="0">Pages</stat>
<stat pass="2" fail="0">Phone_Number</stat>
<stat pass="1" fail="0">Profanity_Filter</stat>
<stat pass="1" fail="0">Referal</stat>
<stat pass="1" fail="0">Shopping_Cart</stat>
<stat pass="2" fail="0">Vacation</stat>
</tag>
<suite>
<stat pass="11" fail="0" id="s1" name="Tests">Tests</stat>
<stat pass="11" fail="0" id="s1-s1" name="RebelRentals">Tests.RebelRentals</stat>
</suite>
</statistics>
<errors>
</errors>
</robot>
